*********************************************************************
* LD Score Regression (LDSC)
* Version 1.0.0
* (C) 2014-2015 Brendan Bulik-Sullivan and Hilary Finucane
* Broad Institute of MIT and Harvard / MIT Department of Mathematics
* GNU General Public License v3
*********************************************************************
Call: 
./ldsc.py \
--h2-cts /mnt/data/ss/UKB_460K.disease_T2D.sumstats \
--ref-ld-chr /mnt/data/baselineLD/baselineLD. \
--out /mnt/data/results/Franke_baselineLDv2.2_1000G_EUR_Phase3 \
--ref-ld-chr-cts /mnt/data/Franke/Franke_dsub.ldcts \
--w-ld-chr /mnt/data/weights/weights.hm3_noMHC. 

Beginning analysis at Tue Jun 11 19:35:31 2019
Reading summary statistics from /mnt/data/ss/UKB_460K.disease_T2D.sumstats ...
Read summary statistics for 1187056 SNPs.
Reading reference panel LD Score from /mnt/data/baselineLD/baselineLD.[1-22] ...
Read reference panel LD Scores for 1190321 SNPs.
Removing partitioned LD Scores with zero variance.
Reading regression weight LD Score from /mnt/data/weights/weights.hm3_noMHC.[1-22] ...
Read regression weight LD Scores for 1187349 SNPs.
After merging with reference panel LD, 1187056 SNPs remain.
After merging with regression SNP LD, 1187056 SNPs remain.
Removed 6 SNPs with chi^2 > 459.324 (1187050 SNPs remain)
Reading cts reference panel LD Score from /mnt/data/Franke/Franke.1.,/mnt/data/Franke/Franke.control.[1-22] ...
Performing regression.
Reading cts reference panel LD Score from /mnt/data/Franke/Franke.2.,/mnt/data/Franke/Franke.control.[1-22] ...
Performing regression.
Reading cts reference panel LD Score from /mnt/data/Franke/Franke.3.,/mnt/data/Franke/Franke.control.[1-22] ...
Performing regression.
Reading cts reference panel LD Score from /mnt/data/Franke/Franke.4.,/mnt/data/Franke/Franke.control.[1-22] ...
Performing regression.
Reading cts reference panel LD Score from /mnt/data/Franke/Franke.5.,/mnt/data/Franke/Franke.control.[1-22] ...
Performing regression.
Reading cts reference panel LD Score from /mnt/data/Franke/Franke.6.,/mnt/data/Franke/Franke.control.[1-22] ...
Performing regression.
Reading cts reference panel LD Score from /mnt/data/Franke/Franke.7.,/mnt/data/Franke/Franke.control.[1-22] ...
Performing regression.
Reading cts reference panel LD Score from /mnt/data/Franke/Franke.8.,/mnt/data/Franke/Franke.control.[1-22] ...
Performing regression.
Reading cts reference panel LD Score from /mnt/data/Franke/Franke.9.,/mnt/data/Franke/Franke.control.[1-22] ...
Performing regression.
Reading cts reference panel LD Score from /mnt/data/Franke/Franke.10.,/mnt/data/Franke/Franke.control.[1-22] ...
Performing regression.
Reading cts reference panel LD Score from /mnt/data/Franke/Franke.11.,/mnt/data/Franke/Franke.control.[1-22] ...
Performing regression.
Reading cts reference panel LD Score from /mnt/data/Franke/Franke.12.,/mnt/data/Franke/Franke.control.[1-22] ...
Performing regression.
Reading cts reference panel LD Score from /mnt/data/Franke/Franke.13.,/mnt/data/Franke/Franke.control.[1-22] ...
Performing regression.
Reading cts reference panel LD Score from /mnt/data/Franke/Franke.14.,/mnt/data/Franke/Franke.control.[1-22] ...
Performing regression.
Reading cts reference panel LD Score from /mnt/data/Franke/Franke.15.,/mnt/data/Franke/Franke.control.[1-22] ...
Performing regression.
Reading cts reference panel LD Score from /mnt/data/Franke/Franke.16.,/mnt/data/Franke/Franke.control.[1-22] ...
Performing regression.
Reading cts reference panel LD Score from /mnt/data/Franke/Franke.17.,/mnt/data/Franke/Franke.control.[1-22] ...
Performing regression.
Reading cts reference panel LD Score from /mnt/data/Franke/Franke.18.,/mnt/data/Franke/Franke.control.[1-22] ...
Performing regression.
Reading cts reference panel LD Score from /mnt/data/Franke/Franke.19.,/mnt/data/Franke/Franke.control.[1-22] ...
Performing regression.
Reading cts reference panel LD Score from /mnt/data/Franke/Franke.20.,/mnt/data/Franke/Franke.control.[1-22] ...
Performing regression.
Reading cts reference panel LD Score from /mnt/data/Franke/Franke.21.,/mnt/data/Franke/Franke.control.[1-22] ...
Performing regression.
Reading cts reference panel LD Score from /mnt/data/Franke/Franke.22.,/mnt/data/Franke/Franke.control.[1-22] ...
Performing regression.
Reading cts reference panel LD Score from /mnt/data/Franke/Franke.23.,/mnt/data/Franke/Franke.control.[1-22] ...
Performing regression.
Reading cts reference panel LD Score from /mnt/data/Franke/Franke.24.,/mnt/data/Franke/Franke.control.[1-22] ...
Performing regression.
Reading cts reference panel LD Score from /mnt/data/Franke/Franke.25.,/mnt/data/Franke/Franke.control.[1-22] ...
Performing regression.
Reading cts reference panel LD Score from /mnt/data/Franke/Franke.26.,/mnt/data/Franke/Franke.control.[1-22] ...
Performing regression.
Reading cts reference panel LD Score from /mnt/data/Franke/Franke.27.,/mnt/data/Franke/Franke.control.[1-22] ...
Performing regression.
Reading cts reference panel LD Score from /mnt/data/Franke/Franke.28.,/mnt/data/Franke/Franke.control.[1-22] ...
Performing regression.
Reading cts reference panel LD Score from /mnt/data/Franke/Franke.29.,/mnt/data/Franke/Franke.control.[1-22] ...
Performing regression.
Reading cts reference panel LD Score from /mnt/data/Franke/Franke.30.,/mnt/data/Franke/Franke.control.[1-22] ...
Performing regression.
Reading cts reference panel LD Score from /mnt/data/Franke/Franke.31.,/mnt/data/Franke/Franke.control.[1-22] ...
Performing regression.
Reading cts reference panel LD Score from /mnt/data/Franke/Franke.32.,/mnt/data/Franke/Franke.control.[1-22] ...
Performing regression.
Reading cts reference panel LD Score from /mnt/data/Franke/Franke.33.,/mnt/data/Franke/Franke.control.[1-22] ...
Performing regression.
Reading cts reference panel LD Score from /mnt/data/Franke/Franke.34.,/mnt/data/Franke/Franke.control.[1-22] ...
Performing regression.
Reading cts reference panel LD Score from /mnt/data/Franke/Franke.35.,/mnt/data/Franke/Franke.control.[1-22] ...
Performing regression.
Reading cts reference panel LD Score from /mnt/data/Franke/Franke.36.,/mnt/data/Franke/Franke.control.[1-22] ...
Performing regression.
Reading cts reference panel LD Score from /mnt/data/Franke/Franke.37.,/mnt/data/Franke/Franke.control.[1-22] ...
Performing regression.
Reading cts reference panel LD Score from /mnt/data/Franke/Franke.38.,/mnt/data/Franke/Franke.control.[1-22] ...
Performing regression.
Reading cts reference panel LD Score from /mnt/data/Franke/Franke.39.,/mnt/data/Franke/Franke.control.[1-22] ...
Performing regression.
Reading cts reference panel LD Score from /mnt/data/Franke/Franke.40.,/mnt/data/Franke/Franke.control.[1-22] ...
Performing regression.
Reading cts reference panel LD Score from /mnt/data/Franke/Franke.41.,/mnt/data/Franke/Franke.control.[1-22] ...
Performing regression.
Reading cts reference panel LD Score from /mnt/data/Franke/Franke.42.,/mnt/data/Franke/Franke.control.[1-22] ...
Performing regression.
Reading cts reference panel LD Score from /mnt/data/Franke/Franke.43.,/mnt/data/Franke/Franke.control.[1-22] ...
Performing regression.
Reading cts reference panel LD Score from /mnt/data/Franke/Franke.44.,/mnt/data/Franke/Franke.control.[1-22] ...
Performing regression.
Reading cts reference panel LD Score from /mnt/data/Franke/Franke.45.,/mnt/data/Franke/Franke.control.[1-22] ...
Performing regression.
Reading cts reference panel LD Score from /mnt/data/Franke/Franke.46.,/mnt/data/Franke/Franke.control.[1-22] ...
Performing regression.
Reading cts reference panel LD Score from /mnt/data/Franke/Franke.47.,/mnt/data/Franke/Franke.control.[1-22] ...
Performing regression.
Reading cts reference panel LD Score from /mnt/data/Franke/Franke.48.,/mnt/data/Franke/Franke.control.[1-22] ...
Performing regression.
Reading cts reference panel LD Score from /mnt/data/Franke/Franke.49.,/mnt/data/Franke/Franke.control.[1-22] ...
Performing regression.
Reading cts reference panel LD Score from /mnt/data/Franke/Franke.50.,/mnt/data/Franke/Franke.control.[1-22] ...
Performing regression.
Reading cts reference panel LD Score from /mnt/data/Franke/Franke.51.,/mnt/data/Franke/Franke.control.[1-22] ...
Performing regression.
Reading cts reference panel LD Score from /mnt/data/Franke/Franke.52.,/mnt/data/Franke/Franke.control.[1-22] ...
Performing regression.
Reading cts reference panel LD Score from /mnt/data/Franke/Franke.53.,/mnt/data/Franke/Franke.control.[1-22] ...
Performing regression.
Reading cts reference panel LD Score from /mnt/data/Franke/Franke.54.,/mnt/data/Franke/Franke.control.[1-22] ...
Performing regression.
Reading cts reference panel LD Score from /mnt/data/Franke/Franke.55.,/mnt/data/Franke/Franke.control.[1-22] ...
Performing regression.
Reading cts reference panel LD Score from /mnt/data/Franke/Franke.56.,/mnt/data/Franke/Franke.control.[1-22] ...
Performing regression.
Reading cts reference panel LD Score from /mnt/data/Franke/Franke.57.,/mnt/data/Franke/Franke.control.[1-22] ...
Performing regression.
Reading cts reference panel LD Score from /mnt/data/Franke/Franke.58.,/mnt/data/Franke/Franke.control.[1-22] ...
Performing regression.
Reading cts reference panel LD Score from /mnt/data/Franke/Franke.59.,/mnt/data/Franke/Franke.control.[1-22] ...
Performing regression.
Reading cts reference panel LD Score from /mnt/data/Franke/Franke.60.,/mnt/data/Franke/Franke.control.[1-22] ...
Performing regression.
Reading cts reference panel LD Score from /mnt/data/Franke/Franke.61.,/mnt/data/Franke/Franke.control.[1-22] ...
Performing regression.
Reading cts reference panel LD Score from /mnt/data/Franke/Franke.62.,/mnt/data/Franke/Franke.control.[1-22] ...
Performing regression.
Reading cts reference panel LD Score from /mnt/data/Franke/Franke.63.,/mnt/data/Franke/Franke.control.[1-22] ...
Performing regression.
Reading cts reference panel LD Score from /mnt/data/Franke/Franke.64.,/mnt/data/Franke/Franke.control.[1-22] ...
Performing regression.
Reading cts reference panel LD Score from /mnt/data/Franke/Franke.65.,/mnt/data/Franke/Franke.control.[1-22] ...
Performing regression.
Reading cts reference panel LD Score from /mnt/data/Franke/Franke.66.,/mnt/data/Franke/Franke.control.[1-22] ...
Performing regression.
Reading cts reference panel LD Score from /mnt/data/Franke/Franke.67.,/mnt/data/Franke/Franke.control.[1-22] ...
Performing regression.
Reading cts reference panel LD Score from /mnt/data/Franke/Franke.68.,/mnt/data/Franke/Franke.control.[1-22] ...
Performing regression.
Reading cts reference panel LD Score from /mnt/data/Franke/Franke.69.,/mnt/data/Franke/Franke.control.[1-22] ...
Performing regression.
Reading cts reference panel LD Score from /mnt/data/Franke/Franke.70.,/mnt/data/Franke/Franke.control.[1-22] ...
Performing regression.
Reading cts reference panel LD Score from /mnt/data/Franke/Franke.71.,/mnt/data/Franke/Franke.control.[1-22] ...
Performing regression.
Reading cts reference panel LD Score from /mnt/data/Franke/Franke.72.,/mnt/data/Franke/Franke.control.[1-22] ...
Performing regression.
Reading cts reference panel LD Score from /mnt/data/Franke/Franke.73.,/mnt/data/Franke/Franke.control.[1-22] ...
Performing regression.
Reading cts reference panel LD Score from /mnt/data/Franke/Franke.74.,/mnt/data/Franke/Franke.control.[1-22] ...
Performing regression.
Reading cts reference panel LD Score from /mnt/data/Franke/Franke.75.,/mnt/data/Franke/Franke.control.[1-22] ...
Performing regression.
Reading cts reference panel LD Score from /mnt/data/Franke/Franke.76.,/mnt/data/Franke/Franke.control.[1-22] ...
Performing regression.
Reading cts reference panel LD Score from /mnt/data/Franke/Franke.77.,/mnt/data/Franke/Franke.control.[1-22] ...
Performing regression.
Reading cts reference panel LD Score from /mnt/data/Franke/Franke.78.,/mnt/data/Franke/Franke.control.[1-22] ...
Performing regression.
Reading cts reference panel LD Score from /mnt/data/Franke/Franke.79.,/mnt/data/Franke/Franke.control.[1-22] ...
Performing regression.
Reading cts reference panel LD Score from /mnt/data/Franke/Franke.80.,/mnt/data/Franke/Franke.control.[1-22] ...
Performing regression.
Reading cts reference panel LD Score from /mnt/data/Franke/Franke.81.,/mnt/data/Franke/Franke.control.[1-22] ...
Performing regression.
Reading cts reference panel LD Score from /mnt/data/Franke/Franke.82.,/mnt/data/Franke/Franke.control.[1-22] ...
Performing regression.
Reading cts reference panel LD Score from /mnt/data/Franke/Franke.83.,/mnt/data/Franke/Franke.control.[1-22] ...
Performing regression.
Reading cts reference panel LD Score from /mnt/data/Franke/Franke.84.,/mnt/data/Franke/Franke.control.[1-22] ...
Performing regression.
Reading cts reference panel LD Score from /mnt/data/Franke/Franke.85.,/mnt/data/Franke/Franke.control.[1-22] ...
Performing regression.
Reading cts reference panel LD Score from /mnt/data/Franke/Franke.86.,/mnt/data/Franke/Franke.control.[1-22] ...
Performing regression.
Reading cts reference panel LD Score from /mnt/data/Franke/Franke.87.,/mnt/data/Franke/Franke.control.[1-22] ...
Performing regression.
Reading cts reference panel LD Score from /mnt/data/Franke/Franke.88.,/mnt/data/Franke/Franke.control.[1-22] ...
Performing regression.
Reading cts reference panel LD Score from /mnt/data/Franke/Franke.89.,/mnt/data/Franke/Franke.control.[1-22] ...
Performing regression.
Reading cts reference panel LD Score from /mnt/data/Franke/Franke.90.,/mnt/data/Franke/Franke.control.[1-22] ...
Performing regression.
Reading cts reference panel LD Score from /mnt/data/Franke/Franke.91.,/mnt/data/Franke/Franke.control.[1-22] ...
Performing regression.
Reading cts reference panel LD Score from /mnt/data/Franke/Franke.92.,/mnt/data/Franke/Franke.control.[1-22] ...
Performing regression.
Reading cts reference panel LD Score from /mnt/data/Franke/Franke.93.,/mnt/data/Franke/Franke.control.[1-22] ...
Performing regression.
Reading cts reference panel LD Score from /mnt/data/Franke/Franke.94.,/mnt/data/Franke/Franke.control.[1-22] ...
Performing regression.
Reading cts reference panel LD Score from /mnt/data/Franke/Franke.95.,/mnt/data/Franke/Franke.control.[1-22] ...
Performing regression.
Reading cts reference panel LD Score from /mnt/data/Franke/Franke.96.,/mnt/data/Franke/Franke.control.[1-22] ...
Performing regression.
Reading cts reference panel LD Score from /mnt/data/Franke/Franke.97.,/mnt/data/Franke/Franke.control.[1-22] ...
Performing regression.
Reading cts reference panel LD Score from /mnt/data/Franke/Franke.98.,/mnt/data/Franke/Franke.control.[1-22] ...
Performing regression.
Reading cts reference panel LD Score from /mnt/data/Franke/Franke.99.,/mnt/data/Franke/Franke.control.[1-22] ...
Performing regression.
Reading cts reference panel LD Score from /mnt/data/Franke/Franke.100.,/mnt/data/Franke/Franke.control.[1-22] ...
Performing regression.
Reading cts reference panel LD Score from /mnt/data/Franke/Franke.101.,/mnt/data/Franke/Franke.control.[1-22] ...
Performing regression.
Reading cts reference panel LD Score from /mnt/data/Franke/Franke.102.,/mnt/data/Franke/Franke.control.[1-22] ...
Performing regression.
Reading cts reference panel LD Score from /mnt/data/Franke/Franke.103.,/mnt/data/Franke/Franke.control.[1-22] ...
Performing regression.
Reading cts reference panel LD Score from /mnt/data/Franke/Franke.104.,/mnt/data/Franke/Franke.control.[1-22] ...
Performing regression.
Reading cts reference panel LD Score from /mnt/data/Franke/Franke.105.,/mnt/data/Franke/Franke.control.[1-22] ...
Performing regression.
Reading cts reference panel LD Score from /mnt/data/Franke/Franke.106.,/mnt/data/Franke/Franke.control.[1-22] ...
Performing regression.
Reading cts reference panel LD Score from /mnt/data/Franke/Franke.107.,/mnt/data/Franke/Franke.control.[1-22] ...
Performing regression.
Reading cts reference panel LD Score from /mnt/data/Franke/Franke.108.,/mnt/data/Franke/Franke.control.[1-22] ...
Performing regression.
Reading cts reference panel LD Score from /mnt/data/Franke/Franke.109.,/mnt/data/Franke/Franke.control.[1-22] ...
Performing regression.
Reading cts reference panel LD Score from /mnt/data/Franke/Franke.110.,/mnt/data/Franke/Franke.control.[1-22] ...
Performing regression.
Reading cts reference panel LD Score from /mnt/data/Franke/Franke.111.,/mnt/data/Franke/Franke.control.[1-22] ...
Performing regression.
Reading cts reference panel LD Score from /mnt/data/Franke/Franke.112.,/mnt/data/Franke/Franke.control.[1-22] ...
Performing regression.
Reading cts reference panel LD Score from /mnt/data/Franke/Franke.113.,/mnt/data/Franke/Franke.control.[1-22] ...
Performing regression.
Reading cts reference panel LD Score from /mnt/data/Franke/Franke.114.,/mnt/data/Franke/Franke.control.[1-22] ...
Performing regression.
Reading cts reference panel LD Score from /mnt/data/Franke/Franke.115.,/mnt/data/Franke/Franke.control.[1-22] ...
Performing regression.
Reading cts reference panel LD Score from /mnt/data/Franke/Franke.116.,/mnt/data/Franke/Franke.control.[1-22] ...
Performing regression.
Reading cts reference panel LD Score from /mnt/data/Franke/Franke.117.,/mnt/data/Franke/Franke.control.[1-22] ...
Performing regression.
Reading cts reference panel LD Score from /mnt/data/Franke/Franke.118.,/mnt/data/Franke/Franke.control.[1-22] ...
Performing regression.
Reading cts reference panel LD Score from /mnt/data/Franke/Franke.119.,/mnt/data/Franke/Franke.control.[1-22] ...
Performing regression.
Reading cts reference panel LD Score from /mnt/data/Franke/Franke.120.,/mnt/data/Franke/Franke.control.[1-22] ...
Performing regression.
Reading cts reference panel LD Score from /mnt/data/Franke/Franke.121.,/mnt/data/Franke/Franke.control.[1-22] ...
Performing regression.
Reading cts reference panel LD Score from /mnt/data/Franke/Franke.122.,/mnt/data/Franke/Franke.control.[1-22] ...
Performing regression.
Reading cts reference panel LD Score from /mnt/data/Franke/Franke.123.,/mnt/data/Franke/Franke.control.[1-22] ...
Performing regression.
Reading cts reference panel LD Score from /mnt/data/Franke/Franke.124.,/mnt/data/Franke/Franke.control.[1-22] ...
Performing regression.
Reading cts reference panel LD Score from /mnt/data/Franke/Franke.125.,/mnt/data/Franke/Franke.control.[1-22] ...
Performing regression.
Reading cts reference panel LD Score from /mnt/data/Franke/Franke.126.,/mnt/data/Franke/Franke.control.[1-22] ...
Performing regression.
Reading cts reference panel LD Score from /mnt/data/Franke/Franke.127.,/mnt/data/Franke/Franke.control.[1-22] ...
Performing regression.
Reading cts reference panel LD Score from /mnt/data/Franke/Franke.128.,/mnt/data/Franke/Franke.control.[1-22] ...
Performing regression.
Reading cts reference panel LD Score from /mnt/data/Franke/Franke.129.,/mnt/data/Franke/Franke.control.[1-22] ...
Performing regression.
Reading cts reference panel LD Score from /mnt/data/Franke/Franke.130.,/mnt/data/Franke/Franke.control.[1-22] ...
Performing regression.
Reading cts reference panel LD Score from /mnt/data/Franke/Franke.131.,/mnt/data/Franke/Franke.control.[1-22] ...
Performing regression.
Reading cts reference panel LD Score from /mnt/data/Franke/Franke.132.,/mnt/data/Franke/Franke.control.[1-22] ...
Performing regression.
Reading cts reference panel LD Score from /mnt/data/Franke/Franke.133.,/mnt/data/Franke/Franke.control.[1-22] ...
Performing regression.
Reading cts reference panel LD Score from /mnt/data/Franke/Franke.134.,/mnt/data/Franke/Franke.control.[1-22] ...
Performing regression.
Reading cts reference panel LD Score from /mnt/data/Franke/Franke.135.,/mnt/data/Franke/Franke.control.[1-22] ...
Performing regression.
Reading cts reference panel LD Score from /mnt/data/Franke/Franke.136.,/mnt/data/Franke/Franke.control.[1-22] ...
Performing regression.
Reading cts reference panel LD Score from /mnt/data/Franke/Franke.137.,/mnt/data/Franke/Franke.control.[1-22] ...
Performing regression.
Reading cts reference panel LD Score from /mnt/data/Franke/Franke.138.,/mnt/data/Franke/Franke.control.[1-22] ...
Performing regression.
Reading cts reference panel LD Score from /mnt/data/Franke/Franke.139.,/mnt/data/Franke/Franke.control.[1-22] ...
Performing regression.
Reading cts reference panel LD Score from /mnt/data/Franke/Franke.140.,/mnt/data/Franke/Franke.control.[1-22] ...
Performing regression.
Reading cts reference panel LD Score from /mnt/data/Franke/Franke.141.,/mnt/data/Franke/Franke.control.[1-22] ...
Performing regression.
Reading cts reference panel LD Score from /mnt/data/Franke/Franke.142.,/mnt/data/Franke/Franke.control.[1-22] ...
Performing regression.
Reading cts reference panel LD Score from /mnt/data/Franke/Franke.143.,/mnt/data/Franke/Franke.control.[1-22] ...
Performing regression.
Reading cts reference panel LD Score from /mnt/data/Franke/Franke.144.,/mnt/data/Franke/Franke.control.[1-22] ...
Performing regression.
Reading cts reference panel LD Score from /mnt/data/Franke/Franke.145.,/mnt/data/Franke/Franke.control.[1-22] ...
Performing regression.
Reading cts reference panel LD Score from /mnt/data/Franke/Franke.146.,/mnt/data/Franke/Franke.control.[1-22] ...
Performing regression.
Reading cts reference panel LD Score from /mnt/data/Franke/Franke.147.,/mnt/data/Franke/Franke.control.[1-22] ...
Performing regression.
Reading cts reference panel LD Score from /mnt/data/Franke/Franke.148.,/mnt/data/Franke/Franke.control.[1-22] ...
Performing regression.
Reading cts reference panel LD Score from /mnt/data/Franke/Franke.149.,/mnt/data/Franke/Franke.control.[1-22] ...
Performing regression.
Reading cts reference panel LD Score from /mnt/data/Franke/Franke.150.,/mnt/data/Franke/Franke.control.[1-22] ...
Performing regression.
Reading cts reference panel LD Score from /mnt/data/Franke/Franke.151.,/mnt/data/Franke/Franke.control.[1-22] ...
Performing regression.
Reading cts reference panel LD Score from /mnt/data/Franke/Franke.152.,/mnt/data/Franke/Franke.control.[1-22] ...
Performing regression.
Results printed to /mnt/data/results/Franke_baselineLDv2.2_1000G_EUR_Phase3.cell_type_results.txt
Analysis finished at Tue Jun 11 20:09:00 2019
Total time elapsed: 33.0m:28.51s
