*********************************************************************
* LD Score Regression (LDSC)
* Version 1.0.0
* (C) 2014-2015 Brendan Bulik-Sullivan and Hilary Finucane
* Broad Institute of MIT and Harvard / MIT Department of Mathematics
* GNU General Public License v3
*********************************************************************
Call: 
./ldsc.py \
--h2-cts /mnt/data/ss/UKB_460K.disease_T2D.sumstats \
--ref-ld-chr /mnt/data/baselineLD/baselineLD. \
--out /mnt/data/results/GTEx_baselineLDv2.2_1000G_EUR_Phase3 \
--ref-ld-chr-cts /mnt/data/GTEx/GTEx_dsub.ldcts \
--w-ld-chr /mnt/data/weights/weights.hm3_noMHC. 

Beginning analysis at Tue Jun 11 19:33:11 2019
Reading summary statistics from /mnt/data/ss/UKB_460K.disease_T2D.sumstats ...
Read summary statistics for 1187056 SNPs.
Reading reference panel LD Score from /mnt/data/baselineLD/baselineLD.[1-22] ...
Read reference panel LD Scores for 1190321 SNPs.
Removing partitioned LD Scores with zero variance.
Reading regression weight LD Score from /mnt/data/weights/weights.hm3_noMHC.[1-22] ...
Read regression weight LD Scores for 1187349 SNPs.
After merging with reference panel LD, 1187056 SNPs remain.
After merging with regression SNP LD, 1187056 SNPs remain.
Removed 6 SNPs with chi^2 > 459.324 (1187050 SNPs remain)
Reading cts reference panel LD Score from /mnt/data/GTEx/GTEx.1.,/mnt/data/GTEx/GTEx.control.[1-22] ...
Performing regression.
Reading cts reference panel LD Score from /mnt/data/GTEx/GTEx.2.,/mnt/data/GTEx/GTEx.control.[1-22] ...
Performing regression.
Reading cts reference panel LD Score from /mnt/data/GTEx/GTEx.3.,/mnt/data/GTEx/GTEx.control.[1-22] ...
Performing regression.
Reading cts reference panel LD Score from /mnt/data/GTEx/GTEx.4.,/mnt/data/GTEx/GTEx.control.[1-22] ...
Performing regression.
Reading cts reference panel LD Score from /mnt/data/GTEx/GTEx.5.,/mnt/data/GTEx/GTEx.control.[1-22] ...
Performing regression.
Reading cts reference panel LD Score from /mnt/data/GTEx/GTEx.6.,/mnt/data/GTEx/GTEx.control.[1-22] ...
Performing regression.
Reading cts reference panel LD Score from /mnt/data/GTEx/GTEx.7.,/mnt/data/GTEx/GTEx.control.[1-22] ...
Performing regression.
Reading cts reference panel LD Score from /mnt/data/GTEx/GTEx.8.,/mnt/data/GTEx/GTEx.control.[1-22] ...
Performing regression.
Reading cts reference panel LD Score from /mnt/data/GTEx/GTEx.9.,/mnt/data/GTEx/GTEx.control.[1-22] ...
Performing regression.
Reading cts reference panel LD Score from /mnt/data/GTEx/GTEx.10.,/mnt/data/GTEx/GTEx.control.[1-22] ...
Performing regression.
Reading cts reference panel LD Score from /mnt/data/GTEx/GTEx.11.,/mnt/data/GTEx/GTEx.control.[1-22] ...
Performing regression.
Reading cts reference panel LD Score from /mnt/data/GTEx/GTEx.12.,/mnt/data/GTEx/GTEx.control.[1-22] ...
Performing regression.
Reading cts reference panel LD Score from /mnt/data/GTEx/GTEx.13.,/mnt/data/GTEx/GTEx.control.[1-22] ...
Performing regression.
Reading cts reference panel LD Score from /mnt/data/GTEx/GTEx.14.,/mnt/data/GTEx/GTEx.control.[1-22] ...
Performing regression.
Reading cts reference panel LD Score from /mnt/data/GTEx/GTEx.15.,/mnt/data/GTEx/GTEx.control.[1-22] ...
Performing regression.
Reading cts reference panel LD Score from /mnt/data/GTEx/GTEx.16.,/mnt/data/GTEx/GTEx.control.[1-22] ...
Performing regression.
Reading cts reference panel LD Score from /mnt/data/GTEx/GTEx.17.,/mnt/data/GTEx/GTEx.control.[1-22] ...
Performing regression.
Reading cts reference panel LD Score from /mnt/data/GTEx/GTEx.18.,/mnt/data/GTEx/GTEx.control.[1-22] ...
Performing regression.
Reading cts reference panel LD Score from /mnt/data/GTEx/GTEx.19.,/mnt/data/GTEx/GTEx.control.[1-22] ...
Performing regression.
Reading cts reference panel LD Score from /mnt/data/GTEx/GTEx.20.,/mnt/data/GTEx/GTEx.control.[1-22] ...
Performing regression.
Reading cts reference panel LD Score from /mnt/data/GTEx/GTEx.21.,/mnt/data/GTEx/GTEx.control.[1-22] ...
Performing regression.
Reading cts reference panel LD Score from /mnt/data/GTEx/GTEx.22.,/mnt/data/GTEx/GTEx.control.[1-22] ...
Performing regression.
Reading cts reference panel LD Score from /mnt/data/GTEx/GTEx.23.,/mnt/data/GTEx/GTEx.control.[1-22] ...
Performing regression.
Reading cts reference panel LD Score from /mnt/data/GTEx/GTEx.24.,/mnt/data/GTEx/GTEx.control.[1-22] ...
Performing regression.
Reading cts reference panel LD Score from /mnt/data/GTEx/GTEx.25.,/mnt/data/GTEx/GTEx.control.[1-22] ...
Performing regression.
Reading cts reference panel LD Score from /mnt/data/GTEx/GTEx.26.,/mnt/data/GTEx/GTEx.control.[1-22] ...
Performing regression.
Reading cts reference panel LD Score from /mnt/data/GTEx/GTEx.27.,/mnt/data/GTEx/GTEx.control.[1-22] ...
Performing regression.
Reading cts reference panel LD Score from /mnt/data/GTEx/GTEx.28.,/mnt/data/GTEx/GTEx.control.[1-22] ...
Performing regression.
Reading cts reference panel LD Score from /mnt/data/GTEx/GTEx.29.,/mnt/data/GTEx/GTEx.control.[1-22] ...
Performing regression.
Reading cts reference panel LD Score from /mnt/data/GTEx/GTEx.30.,/mnt/data/GTEx/GTEx.control.[1-22] ...
Performing regression.
Reading cts reference panel LD Score from /mnt/data/GTEx/GTEx.31.,/mnt/data/GTEx/GTEx.control.[1-22] ...
Performing regression.
Reading cts reference panel LD Score from /mnt/data/GTEx/GTEx.32.,/mnt/data/GTEx/GTEx.control.[1-22] ...
Performing regression.
Reading cts reference panel LD Score from /mnt/data/GTEx/GTEx.33.,/mnt/data/GTEx/GTEx.control.[1-22] ...
Performing regression.
Reading cts reference panel LD Score from /mnt/data/GTEx/GTEx.34.,/mnt/data/GTEx/GTEx.control.[1-22] ...
Performing regression.
Reading cts reference panel LD Score from /mnt/data/GTEx/GTEx.35.,/mnt/data/GTEx/GTEx.control.[1-22] ...
Performing regression.
Reading cts reference panel LD Score from /mnt/data/GTEx/GTEx.36.,/mnt/data/GTEx/GTEx.control.[1-22] ...
Performing regression.
Reading cts reference panel LD Score from /mnt/data/GTEx/GTEx.37.,/mnt/data/GTEx/GTEx.control.[1-22] ...
Performing regression.
Reading cts reference panel LD Score from /mnt/data/GTEx/GTEx.38.,/mnt/data/GTEx/GTEx.control.[1-22] ...
Performing regression.
Reading cts reference panel LD Score from /mnt/data/GTEx/GTEx.39.,/mnt/data/GTEx/GTEx.control.[1-22] ...
Performing regression.
Reading cts reference panel LD Score from /mnt/data/GTEx/GTEx.40.,/mnt/data/GTEx/GTEx.control.[1-22] ...
Performing regression.
Reading cts reference panel LD Score from /mnt/data/GTEx/GTEx.41.,/mnt/data/GTEx/GTEx.control.[1-22] ...
Performing regression.
Reading cts reference panel LD Score from /mnt/data/GTEx/GTEx.42.,/mnt/data/GTEx/GTEx.control.[1-22] ...
Performing regression.
Reading cts reference panel LD Score from /mnt/data/GTEx/GTEx.43.,/mnt/data/GTEx/GTEx.control.[1-22] ...
Performing regression.
Reading cts reference panel LD Score from /mnt/data/GTEx/GTEx.44.,/mnt/data/GTEx/GTEx.control.[1-22] ...
Performing regression.
Reading cts reference panel LD Score from /mnt/data/GTEx/GTEx.45.,/mnt/data/GTEx/GTEx.control.[1-22] ...
Performing regression.
Reading cts reference panel LD Score from /mnt/data/GTEx/GTEx.46.,/mnt/data/GTEx/GTEx.control.[1-22] ...
Performing regression.
Reading cts reference panel LD Score from /mnt/data/GTEx/GTEx.47.,/mnt/data/GTEx/GTEx.control.[1-22] ...
Performing regression.
Reading cts reference panel LD Score from /mnt/data/GTEx/GTEx.48.,/mnt/data/GTEx/GTEx.control.[1-22] ...
Performing regression.
Reading cts reference panel LD Score from /mnt/data/GTEx/GTEx.49.,/mnt/data/GTEx/GTEx.control.[1-22] ...
Performing regression.
Reading cts reference panel LD Score from /mnt/data/GTEx/GTEx.50.,/mnt/data/GTEx/GTEx.control.[1-22] ...
Performing regression.
Reading cts reference panel LD Score from /mnt/data/GTEx/GTEx.51.,/mnt/data/GTEx/GTEx.control.[1-22] ...
Performing regression.
Reading cts reference panel LD Score from /mnt/data/GTEx/GTEx.52.,/mnt/data/GTEx/GTEx.control.[1-22] ...
Performing regression.
Reading cts reference panel LD Score from /mnt/data/GTEx/GTEx.53.,/mnt/data/GTEx/GTEx.control.[1-22] ...
Performing regression.
Results printed to /mnt/data/results/GTEx_baselineLDv2.2_1000G_EUR_Phase3.cell_type_results.txt
Analysis finished at Tue Jun 11 19:46:14 2019
Total time elapsed: 13.0m:2.62s
