*********************************************************************
* LD Score Regression (LDSC)
* Version 1.0.0
* (C) 2014-2015 Brendan Bulik-Sullivan and Hilary Finucane
* Broad Institute of MIT and Harvard / MIT Department of Mathematics
* GNU General Public License v3
*********************************************************************
Call: 
./ldsc.py \
--h2-cts /mnt/data/ss/UKB_460K.disease_T2D.sumstats \
--ref-ld-chr /mnt/data/baselineLD/baselineLD. \
--out /mnt/data/results/GTEx_brain_baselineLDv2.2_1000G_EUR_Phase3 \
--ref-ld-chr-cts /mnt/data/GTEx_brain/GTEx_brain_dsub.ldcts \
--w-ld-chr /mnt/data/weights/weights.hm3_noMHC. 

Beginning analysis at Tue Jun 11 19:05:28 2019
Reading summary statistics from /mnt/data/ss/UKB_460K.disease_T2D.sumstats ...
Read summary statistics for 1187056 SNPs.
Reading reference panel LD Score from /mnt/data/baselineLD/baselineLD.[1-22] ...
Read reference panel LD Scores for 1190321 SNPs.
Removing partitioned LD Scores with zero variance.
Reading regression weight LD Score from /mnt/data/weights/weights.hm3_noMHC.[1-22] ...
Read regression weight LD Scores for 1187349 SNPs.
After merging with reference panel LD, 1187056 SNPs remain.
After merging with regression SNP LD, 1187056 SNPs remain.
Removed 6 SNPs with chi^2 > 459.324 (1187050 SNPs remain)
Reading cts reference panel LD Score from /mnt/data/GTEx_brain/GTEx_brain.1.,/mnt/data/GTEx_brain/GTEx_brain.control.[1-22] ...
Performing regression.
Reading cts reference panel LD Score from /mnt/data/GTEx_brain/GTEx_brain.2.,/mnt/data/GTEx_brain/GTEx_brain.control.[1-22] ...
Performing regression.
Reading cts reference panel LD Score from /mnt/data/GTEx_brain/GTEx_brain.3.,/mnt/data/GTEx_brain/GTEx_brain.control.[1-22] ...
Performing regression.
Reading cts reference panel LD Score from /mnt/data/GTEx_brain/GTEx_brain.4.,/mnt/data/GTEx_brain/GTEx_brain.control.[1-22] ...
Performing regression.
Reading cts reference panel LD Score from /mnt/data/GTEx_brain/GTEx_brain.5.,/mnt/data/GTEx_brain/GTEx_brain.control.[1-22] ...
Performing regression.
Reading cts reference panel LD Score from /mnt/data/GTEx_brain/GTEx_brain.6.,/mnt/data/GTEx_brain/GTEx_brain.control.[1-22] ...
Performing regression.
Reading cts reference panel LD Score from /mnt/data/GTEx_brain/GTEx_brain.7.,/mnt/data/GTEx_brain/GTEx_brain.control.[1-22] ...
Performing regression.
Reading cts reference panel LD Score from /mnt/data/GTEx_brain/GTEx_brain.8.,/mnt/data/GTEx_brain/GTEx_brain.control.[1-22] ...
Performing regression.
Reading cts reference panel LD Score from /mnt/data/GTEx_brain/GTEx_brain.9.,/mnt/data/GTEx_brain/GTEx_brain.control.[1-22] ...
Performing regression.
Reading cts reference panel LD Score from /mnt/data/GTEx_brain/GTEx_brain.10.,/mnt/data/GTEx_brain/GTEx_brain.control.[1-22] ...
Performing regression.
Reading cts reference panel LD Score from /mnt/data/GTEx_brain/GTEx_brain.11.,/mnt/data/GTEx_brain/GTEx_brain.control.[1-22] ...
Performing regression.
Reading cts reference panel LD Score from /mnt/data/GTEx_brain/GTEx_brain.12.,/mnt/data/GTEx_brain/GTEx_brain.control.[1-22] ...
Performing regression.
Reading cts reference panel LD Score from /mnt/data/GTEx_brain/GTEx_brain.13.,/mnt/data/GTEx_brain/GTEx_brain.control.[1-22] ...
Performing regression.
Results printed to /mnt/data/results/GTEx_brain_baselineLDv2.2_1000G_EUR_Phase3.cell_type_results.txt
Analysis finished at Tue Jun 11 19:09:09 2019
Total time elapsed: 3.0m:40.89s
