*********************************************************************
* LD Score Regression (LDSC)
* Version 1.0.0
* (C) 2014-2015 Brendan Bulik-Sullivan and Hilary Finucane
* Broad Institute of MIT and Harvard / MIT Department of Mathematics
* GNU General Public License v3
*********************************************************************
Call: 
./ldsc.py \
--h2-cts /mnt/data/ss/UKB_460K.disease_T2D.sumstats \
--ref-ld-chr /mnt/data/baselineLD/baselineLD. \
--out /mnt/data/results/ImmGen_baselineLDv2.2_1000G_EUR_Phase3 \
--ref-ld-chr-cts /mnt/data/ImmGen/ImmGen_dsub.ldcts \
--w-ld-chr /mnt/data/weights/weights.hm3_noMHC. 

Beginning analysis at Tue Jun 11 19:37:07 2019
Reading summary statistics from /mnt/data/ss/UKB_460K.disease_T2D.sumstats ...
Read summary statistics for 1187056 SNPs.
Reading reference panel LD Score from /mnt/data/baselineLD/baselineLD.[1-22] ...
Read reference panel LD Scores for 1190321 SNPs.
Removing partitioned LD Scores with zero variance.
Reading regression weight LD Score from /mnt/data/weights/weights.hm3_noMHC.[1-22] ...
Read regression weight LD Scores for 1187349 SNPs.
After merging with reference panel LD, 1187056 SNPs remain.
After merging with regression SNP LD, 1187056 SNPs remain.
Removed 6 SNPs with chi^2 > 459.324 (1187050 SNPs remain)
Reading cts reference panel LD Score from /mnt/data/ImmGen/ImmGen.1.[1-22] ...
Performing regression.
Reading cts reference panel LD Score from /mnt/data/ImmGen/ImmGen.2.[1-22] ...
Performing regression.
Reading cts reference panel LD Score from /mnt/data/ImmGen/ImmGen.3.[1-22] ...
Performing regression.
Reading cts reference panel LD Score from /mnt/data/ImmGen/ImmGen.4.[1-22] ...
Performing regression.
Reading cts reference panel LD Score from /mnt/data/ImmGen/ImmGen.5.[1-22] ...
Performing regression.
Reading cts reference panel LD Score from /mnt/data/ImmGen/ImmGen.6.[1-22] ...
Performing regression.
Reading cts reference panel LD Score from /mnt/data/ImmGen/ImmGen.7.[1-22] ...
Performing regression.
Reading cts reference panel LD Score from /mnt/data/ImmGen/ImmGen.8.[1-22] ...
Performing regression.
Reading cts reference panel LD Score from /mnt/data/ImmGen/ImmGen.9.[1-22] ...
Performing regression.
Reading cts reference panel LD Score from /mnt/data/ImmGen/ImmGen.10.[1-22] ...
Performing regression.
Reading cts reference panel LD Score from /mnt/data/ImmGen/ImmGen.11.[1-22] ...
Performing regression.
Reading cts reference panel LD Score from /mnt/data/ImmGen/ImmGen.12.[1-22] ...
Performing regression.
Reading cts reference panel LD Score from /mnt/data/ImmGen/ImmGen.13.[1-22] ...
Performing regression.
Reading cts reference panel LD Score from /mnt/data/ImmGen/ImmGen.14.[1-22] ...
Performing regression.
Reading cts reference panel LD Score from /mnt/data/ImmGen/ImmGen.15.[1-22] ...
Performing regression.
Reading cts reference panel LD Score from /mnt/data/ImmGen/ImmGen.16.[1-22] ...
Performing regression.
Reading cts reference panel LD Score from /mnt/data/ImmGen/ImmGen.17.[1-22] ...
Performing regression.
Reading cts reference panel LD Score from /mnt/data/ImmGen/ImmGen.18.[1-22] ...
Performing regression.
Reading cts reference panel LD Score from /mnt/data/ImmGen/ImmGen.19.[1-22] ...
Performing regression.
Reading cts reference panel LD Score from /mnt/data/ImmGen/ImmGen.20.[1-22] ...
Performing regression.
Reading cts reference panel LD Score from /mnt/data/ImmGen/ImmGen.21.[1-22] ...
Performing regression.
Reading cts reference panel LD Score from /mnt/data/ImmGen/ImmGen.22.[1-22] ...
Performing regression.
Reading cts reference panel LD Score from /mnt/data/ImmGen/ImmGen.23.[1-22] ...
Performing regression.
Reading cts reference panel LD Score from /mnt/data/ImmGen/ImmGen.24.[1-22] ...
Performing regression.
Reading cts reference panel LD Score from /mnt/data/ImmGen/ImmGen.25.[1-22] ...
Performing regression.
Reading cts reference panel LD Score from /mnt/data/ImmGen/ImmGen.26.[1-22] ...
Performing regression.
Reading cts reference panel LD Score from /mnt/data/ImmGen/ImmGen.27.[1-22] ...
Performing regression.
Reading cts reference panel LD Score from /mnt/data/ImmGen/ImmGen.28.[1-22] ...
Performing regression.
Reading cts reference panel LD Score from /mnt/data/ImmGen/ImmGen.29.[1-22] ...
Performing regression.
Reading cts reference panel LD Score from /mnt/data/ImmGen/ImmGen.30.[1-22] ...
Performing regression.
Reading cts reference panel LD Score from /mnt/data/ImmGen/ImmGen.31.[1-22] ...
Performing regression.
Reading cts reference panel LD Score from /mnt/data/ImmGen/ImmGen.32.[1-22] ...
Performing regression.
Reading cts reference panel LD Score from /mnt/data/ImmGen/ImmGen.33.[1-22] ...
Performing regression.
Reading cts reference panel LD Score from /mnt/data/ImmGen/ImmGen.34.[1-22] ...
Performing regression.
Reading cts reference panel LD Score from /mnt/data/ImmGen/ImmGen.35.[1-22] ...
Performing regression.
Reading cts reference panel LD Score from /mnt/data/ImmGen/ImmGen.36.[1-22] ...
Performing regression.
Reading cts reference panel LD Score from /mnt/data/ImmGen/ImmGen.37.[1-22] ...
Performing regression.
Reading cts reference panel LD Score from /mnt/data/ImmGen/ImmGen.38.[1-22] ...
Performing regression.
Reading cts reference panel LD Score from /mnt/data/ImmGen/ImmGen.39.[1-22] ...
Performing regression.
Reading cts reference panel LD Score from /mnt/data/ImmGen/ImmGen.40.[1-22] ...
Performing regression.
Reading cts reference panel LD Score from /mnt/data/ImmGen/ImmGen.41.[1-22] ...
Performing regression.
Reading cts reference panel LD Score from /mnt/data/ImmGen/ImmGen.42.[1-22] ...
Performing regression.
Reading cts reference panel LD Score from /mnt/data/ImmGen/ImmGen.43.[1-22] ...
Performing regression.
Reading cts reference panel LD Score from /mnt/data/ImmGen/ImmGen.44.[1-22] ...
Performing regression.
Reading cts reference panel LD Score from /mnt/data/ImmGen/ImmGen.45.[1-22] ...
Performing regression.
Reading cts reference panel LD Score from /mnt/data/ImmGen/ImmGen.46.[1-22] ...
Performing regression.
Reading cts reference panel LD Score from /mnt/data/ImmGen/ImmGen.47.[1-22] ...
Performing regression.
Reading cts reference panel LD Score from /mnt/data/ImmGen/ImmGen.48.[1-22] ...
Performing regression.
Reading cts reference panel LD Score from /mnt/data/ImmGen/ImmGen.49.[1-22] ...
Performing regression.
Reading cts reference panel LD Score from /mnt/data/ImmGen/ImmGen.50.[1-22] ...
Performing regression.
Reading cts reference panel LD Score from /mnt/data/ImmGen/ImmGen.51.[1-22] ...
Performing regression.
Reading cts reference panel LD Score from /mnt/data/ImmGen/ImmGen.52.[1-22] ...
Performing regression.
Reading cts reference panel LD Score from /mnt/data/ImmGen/ImmGen.53.[1-22] ...
Performing regression.
Reading cts reference panel LD Score from /mnt/data/ImmGen/ImmGen.54.[1-22] ...
Performing regression.
Reading cts reference panel LD Score from /mnt/data/ImmGen/ImmGen.55.[1-22] ...
Performing regression.
Reading cts reference panel LD Score from /mnt/data/ImmGen/ImmGen.56.[1-22] ...
Performing regression.
Reading cts reference panel LD Score from /mnt/data/ImmGen/ImmGen.57.[1-22] ...
Performing regression.
Reading cts reference panel LD Score from /mnt/data/ImmGen/ImmGen.58.[1-22] ...
Performing regression.
Reading cts reference panel LD Score from /mnt/data/ImmGen/ImmGen.59.[1-22] ...
Performing regression.
Reading cts reference panel LD Score from /mnt/data/ImmGen/ImmGen.60.[1-22] ...
Performing regression.
Reading cts reference panel LD Score from /mnt/data/ImmGen/ImmGen.61.[1-22] ...
Performing regression.
Reading cts reference panel LD Score from /mnt/data/ImmGen/ImmGen.62.[1-22] ...
Performing regression.
Reading cts reference panel LD Score from /mnt/data/ImmGen/ImmGen.63.[1-22] ...
Performing regression.
Reading cts reference panel LD Score from /mnt/data/ImmGen/ImmGen.64.[1-22] ...
Performing regression.
Reading cts reference panel LD Score from /mnt/data/ImmGen/ImmGen.65.[1-22] ...
Performing regression.
Reading cts reference panel LD Score from /mnt/data/ImmGen/ImmGen.66.[1-22] ...
Performing regression.
Reading cts reference panel LD Score from /mnt/data/ImmGen/ImmGen.67.[1-22] ...
Performing regression.
Reading cts reference panel LD Score from /mnt/data/ImmGen/ImmGen.68.[1-22] ...
Performing regression.
Reading cts reference panel LD Score from /mnt/data/ImmGen/ImmGen.69.[1-22] ...
Performing regression.
Reading cts reference panel LD Score from /mnt/data/ImmGen/ImmGen.70.[1-22] ...
Performing regression.
Reading cts reference panel LD Score from /mnt/data/ImmGen/ImmGen.71.[1-22] ...
Performing regression.
Reading cts reference panel LD Score from /mnt/data/ImmGen/ImmGen.72.[1-22] ...
Performing regression.
Reading cts reference panel LD Score from /mnt/data/ImmGen/ImmGen.73.[1-22] ...
Performing regression.
Reading cts reference panel LD Score from /mnt/data/ImmGen/ImmGen.74.[1-22] ...
Performing regression.
Reading cts reference panel LD Score from /mnt/data/ImmGen/ImmGen.75.[1-22] ...
Performing regression.
Reading cts reference panel LD Score from /mnt/data/ImmGen/ImmGen.76.[1-22] ...
Performing regression.
Reading cts reference panel LD Score from /mnt/data/ImmGen/ImmGen.77.[1-22] ...
Performing regression.
Reading cts reference panel LD Score from /mnt/data/ImmGen/ImmGen.78.[1-22] ...
Performing regression.
Reading cts reference panel LD Score from /mnt/data/ImmGen/ImmGen.79.[1-22] ...
Performing regression.
Reading cts reference panel LD Score from /mnt/data/ImmGen/ImmGen.80.[1-22] ...
Performing regression.
Reading cts reference panel LD Score from /mnt/data/ImmGen/ImmGen.81.[1-22] ...
Performing regression.
Reading cts reference panel LD Score from /mnt/data/ImmGen/ImmGen.82.[1-22] ...
Performing regression.
Reading cts reference panel LD Score from /mnt/data/ImmGen/ImmGen.83.[1-22] ...
Performing regression.
Reading cts reference panel LD Score from /mnt/data/ImmGen/ImmGen.84.[1-22] ...
Performing regression.
Reading cts reference panel LD Score from /mnt/data/ImmGen/ImmGen.85.[1-22] ...
Performing regression.
Reading cts reference panel LD Score from /mnt/data/ImmGen/ImmGen.86.[1-22] ...
Performing regression.
Reading cts reference panel LD Score from /mnt/data/ImmGen/ImmGen.87.[1-22] ...
Performing regression.
Reading cts reference panel LD Score from /mnt/data/ImmGen/ImmGen.88.[1-22] ...
Performing regression.
Reading cts reference panel LD Score from /mnt/data/ImmGen/ImmGen.89.[1-22] ...
Performing regression.
Reading cts reference panel LD Score from /mnt/data/ImmGen/ImmGen.90.[1-22] ...
Performing regression.
Reading cts reference panel LD Score from /mnt/data/ImmGen/ImmGen.91.[1-22] ...
Performing regression.
Reading cts reference panel LD Score from /mnt/data/ImmGen/ImmGen.92.[1-22] ...
Performing regression.
Reading cts reference panel LD Score from /mnt/data/ImmGen/ImmGen.93.[1-22] ...
Performing regression.
Reading cts reference panel LD Score from /mnt/data/ImmGen/ImmGen.94.[1-22] ...
Performing regression.
Reading cts reference panel LD Score from /mnt/data/ImmGen/ImmGen.95.[1-22] ...
Performing regression.
Reading cts reference panel LD Score from /mnt/data/ImmGen/ImmGen.96.[1-22] ...
Performing regression.
Reading cts reference panel LD Score from /mnt/data/ImmGen/ImmGen.97.[1-22] ...
Performing regression.
Reading cts reference panel LD Score from /mnt/data/ImmGen/ImmGen.98.[1-22] ...
Performing regression.
Reading cts reference panel LD Score from /mnt/data/ImmGen/ImmGen.99.[1-22] ...
Performing regression.
Reading cts reference panel LD Score from /mnt/data/ImmGen/ImmGen.100.[1-22] ...
Performing regression.
Reading cts reference panel LD Score from /mnt/data/ImmGen/ImmGen.101.[1-22] ...
Performing regression.
Reading cts reference panel LD Score from /mnt/data/ImmGen/ImmGen.102.[1-22] ...
Performing regression.
Reading cts reference panel LD Score from /mnt/data/ImmGen/ImmGen.103.[1-22] ...
Performing regression.
Reading cts reference panel LD Score from /mnt/data/ImmGen/ImmGen.104.[1-22] ...
Performing regression.
Reading cts reference panel LD Score from /mnt/data/ImmGen/ImmGen.105.[1-22] ...
Performing regression.
Reading cts reference panel LD Score from /mnt/data/ImmGen/ImmGen.106.[1-22] ...
Performing regression.
Reading cts reference panel LD Score from /mnt/data/ImmGen/ImmGen.107.[1-22] ...
Performing regression.
Reading cts reference panel LD Score from /mnt/data/ImmGen/ImmGen.108.[1-22] ...
Performing regression.
Reading cts reference panel LD Score from /mnt/data/ImmGen/ImmGen.109.[1-22] ...
Performing regression.
Reading cts reference panel LD Score from /mnt/data/ImmGen/ImmGen.110.[1-22] ...
Performing regression.
Reading cts reference panel LD Score from /mnt/data/ImmGen/ImmGen.111.[1-22] ...
Performing regression.
Reading cts reference panel LD Score from /mnt/data/ImmGen/ImmGen.112.[1-22] ...
Performing regression.
Reading cts reference panel LD Score from /mnt/data/ImmGen/ImmGen.113.[1-22] ...
Performing regression.
Reading cts reference panel LD Score from /mnt/data/ImmGen/ImmGen.114.[1-22] ...
Performing regression.
Reading cts reference panel LD Score from /mnt/data/ImmGen/ImmGen.115.[1-22] ...
Performing regression.
Reading cts reference panel LD Score from /mnt/data/ImmGen/ImmGen.116.[1-22] ...
Performing regression.
Reading cts reference panel LD Score from /mnt/data/ImmGen/ImmGen.117.[1-22] ...
Performing regression.
Reading cts reference panel LD Score from /mnt/data/ImmGen/ImmGen.118.[1-22] ...
Performing regression.
Reading cts reference panel LD Score from /mnt/data/ImmGen/ImmGen.119.[1-22] ...
Performing regression.
Reading cts reference panel LD Score from /mnt/data/ImmGen/ImmGen.120.[1-22] ...
Performing regression.
Reading cts reference panel LD Score from /mnt/data/ImmGen/ImmGen.121.[1-22] ...
Performing regression.
Reading cts reference panel LD Score from /mnt/data/ImmGen/ImmGen.122.[1-22] ...
Performing regression.
Reading cts reference panel LD Score from /mnt/data/ImmGen/ImmGen.123.[1-22] ...
Performing regression.
Reading cts reference panel LD Score from /mnt/data/ImmGen/ImmGen.124.[1-22] ...
Performing regression.
Reading cts reference panel LD Score from /mnt/data/ImmGen/ImmGen.125.[1-22] ...
Performing regression.
Reading cts reference panel LD Score from /mnt/data/ImmGen/ImmGen.126.[1-22] ...
Performing regression.
Reading cts reference panel LD Score from /mnt/data/ImmGen/ImmGen.127.[1-22] ...
Performing regression.
Reading cts reference panel LD Score from /mnt/data/ImmGen/ImmGen.128.[1-22] ...
Performing regression.
Reading cts reference panel LD Score from /mnt/data/ImmGen/ImmGen.129.[1-22] ...
Performing regression.
Reading cts reference panel LD Score from /mnt/data/ImmGen/ImmGen.130.[1-22] ...
Performing regression.
Reading cts reference panel LD Score from /mnt/data/ImmGen/ImmGen.131.[1-22] ...
Performing regression.
Reading cts reference panel LD Score from /mnt/data/ImmGen/ImmGen.132.[1-22] ...
Performing regression.
Reading cts reference panel LD Score from /mnt/data/ImmGen/ImmGen.133.[1-22] ...
Performing regression.
Reading cts reference panel LD Score from /mnt/data/ImmGen/ImmGen.134.[1-22] ...
Performing regression.
Reading cts reference panel LD Score from /mnt/data/ImmGen/ImmGen.135.[1-22] ...
Performing regression.
Reading cts reference panel LD Score from /mnt/data/ImmGen/ImmGen.136.[1-22] ...
Performing regression.
Reading cts reference panel LD Score from /mnt/data/ImmGen/ImmGen.137.[1-22] ...
Performing regression.
Reading cts reference panel LD Score from /mnt/data/ImmGen/ImmGen.138.[1-22] ...
Performing regression.
Reading cts reference panel LD Score from /mnt/data/ImmGen/ImmGen.139.[1-22] ...
Performing regression.
Reading cts reference panel LD Score from /mnt/data/ImmGen/ImmGen.140.[1-22] ...
Performing regression.
Reading cts reference panel LD Score from /mnt/data/ImmGen/ImmGen.141.[1-22] ...
Performing regression.
Reading cts reference panel LD Score from /mnt/data/ImmGen/ImmGen.142.[1-22] ...
Performing regression.
Reading cts reference panel LD Score from /mnt/data/ImmGen/ImmGen.143.[1-22] ...
Performing regression.
Reading cts reference panel LD Score from /mnt/data/ImmGen/ImmGen.144.[1-22] ...
Performing regression.
Reading cts reference panel LD Score from /mnt/data/ImmGen/ImmGen.145.[1-22] ...
Performing regression.
Reading cts reference panel LD Score from /mnt/data/ImmGen/ImmGen.146.[1-22] ...
Performing regression.
Reading cts reference panel LD Score from /mnt/data/ImmGen/ImmGen.147.[1-22] ...
Performing regression.
Reading cts reference panel LD Score from /mnt/data/ImmGen/ImmGen.148.[1-22] ...
Performing regression.
Reading cts reference panel LD Score from /mnt/data/ImmGen/ImmGen.149.[1-22] ...
Performing regression.
Reading cts reference panel LD Score from /mnt/data/ImmGen/ImmGen.150.[1-22] ...
Performing regression.
Reading cts reference panel LD Score from /mnt/data/ImmGen/ImmGen.151.[1-22] ...
Performing regression.
Reading cts reference panel LD Score from /mnt/data/ImmGen/ImmGen.152.[1-22] ...
Performing regression.
Reading cts reference panel LD Score from /mnt/data/ImmGen/ImmGen.153.[1-22] ...
Performing regression.
Reading cts reference panel LD Score from /mnt/data/ImmGen/ImmGen.154.[1-22] ...
Performing regression.
Reading cts reference panel LD Score from /mnt/data/ImmGen/ImmGen.155.[1-22] ...
Performing regression.
Reading cts reference panel LD Score from /mnt/data/ImmGen/ImmGen.156.[1-22] ...
Performing regression.
Reading cts reference panel LD Score from /mnt/data/ImmGen/ImmGen.157.[1-22] ...
Performing regression.
Reading cts reference panel LD Score from /mnt/data/ImmGen/ImmGen.158.[1-22] ...
Performing regression.
Reading cts reference panel LD Score from /mnt/data/ImmGen/ImmGen.159.[1-22] ...
Performing regression.
Reading cts reference panel LD Score from /mnt/data/ImmGen/ImmGen.160.[1-22] ...
Performing regression.
Reading cts reference panel LD Score from /mnt/data/ImmGen/ImmGen.161.[1-22] ...
Performing regression.
Reading cts reference panel LD Score from /mnt/data/ImmGen/ImmGen.162.[1-22] ...
Performing regression.
Reading cts reference panel LD Score from /mnt/data/ImmGen/ImmGen.163.[1-22] ...
Performing regression.
Reading cts reference panel LD Score from /mnt/data/ImmGen/ImmGen.164.[1-22] ...
Performing regression.
Reading cts reference panel LD Score from /mnt/data/ImmGen/ImmGen.165.[1-22] ...
Performing regression.
Reading cts reference panel LD Score from /mnt/data/ImmGen/ImmGen.166.[1-22] ...
Performing regression.
Reading cts reference panel LD Score from /mnt/data/ImmGen/ImmGen.167.[1-22] ...
Performing regression.
Reading cts reference panel LD Score from /mnt/data/ImmGen/ImmGen.168.[1-22] ...
Performing regression.
Reading cts reference panel LD Score from /mnt/data/ImmGen/ImmGen.169.[1-22] ...
Performing regression.
Reading cts reference panel LD Score from /mnt/data/ImmGen/ImmGen.170.[1-22] ...
Performing regression.
Reading cts reference panel LD Score from /mnt/data/ImmGen/ImmGen.171.[1-22] ...
Performing regression.
Reading cts reference panel LD Score from /mnt/data/ImmGen/ImmGen.172.[1-22] ...
Performing regression.
Reading cts reference panel LD Score from /mnt/data/ImmGen/ImmGen.173.[1-22] ...
Performing regression.
Reading cts reference panel LD Score from /mnt/data/ImmGen/ImmGen.174.[1-22] ...
Performing regression.
Reading cts reference panel LD Score from /mnt/data/ImmGen/ImmGen.175.[1-22] ...
Performing regression.
Reading cts reference panel LD Score from /mnt/data/ImmGen/ImmGen.176.[1-22] ...
Performing regression.
Reading cts reference panel LD Score from /mnt/data/ImmGen/ImmGen.177.[1-22] ...
Performing regression.
Reading cts reference panel LD Score from /mnt/data/ImmGen/ImmGen.178.[1-22] ...
Performing regression.
Reading cts reference panel LD Score from /mnt/data/ImmGen/ImmGen.179.[1-22] ...
Performing regression.
Reading cts reference panel LD Score from /mnt/data/ImmGen/ImmGen.180.[1-22] ...
Performing regression.
Reading cts reference panel LD Score from /mnt/data/ImmGen/ImmGen.181.[1-22] ...
Performing regression.
Reading cts reference panel LD Score from /mnt/data/ImmGen/ImmGen.182.[1-22] ...
Performing regression.
Reading cts reference panel LD Score from /mnt/data/ImmGen/ImmGen.183.[1-22] ...
Performing regression.
Reading cts reference panel LD Score from /mnt/data/ImmGen/ImmGen.184.[1-22] ...
Performing regression.
Reading cts reference panel LD Score from /mnt/data/ImmGen/ImmGen.185.[1-22] ...
Performing regression.
Reading cts reference panel LD Score from /mnt/data/ImmGen/ImmGen.186.[1-22] ...
Performing regression.
Reading cts reference panel LD Score from /mnt/data/ImmGen/ImmGen.187.[1-22] ...
Performing regression.
Reading cts reference panel LD Score from /mnt/data/ImmGen/ImmGen.188.[1-22] ...
Performing regression.
Reading cts reference panel LD Score from /mnt/data/ImmGen/ImmGen.189.[1-22] ...
Performing regression.
Reading cts reference panel LD Score from /mnt/data/ImmGen/ImmGen.190.[1-22] ...
Performing regression.
Reading cts reference panel LD Score from /mnt/data/ImmGen/ImmGen.191.[1-22] ...
Performing regression.
Reading cts reference panel LD Score from /mnt/data/ImmGen/ImmGen.192.[1-22] ...
Performing regression.
Reading cts reference panel LD Score from /mnt/data/ImmGen/ImmGen.193.[1-22] ...
Performing regression.
Reading cts reference panel LD Score from /mnt/data/ImmGen/ImmGen.194.[1-22] ...
Performing regression.
Reading cts reference panel LD Score from /mnt/data/ImmGen/ImmGen.195.[1-22] ...
Performing regression.
Reading cts reference panel LD Score from /mnt/data/ImmGen/ImmGen.196.[1-22] ...
Performing regression.
Reading cts reference panel LD Score from /mnt/data/ImmGen/ImmGen.197.[1-22] ...
Performing regression.
Reading cts reference panel LD Score from /mnt/data/ImmGen/ImmGen.198.[1-22] ...
Performing regression.
Reading cts reference panel LD Score from /mnt/data/ImmGen/ImmGen.199.[1-22] ...
Performing regression.
Reading cts reference panel LD Score from /mnt/data/ImmGen/ImmGen.200.[1-22] ...
Performing regression.
Reading cts reference panel LD Score from /mnt/data/ImmGen/ImmGen.201.[1-22] ...
Performing regression.
Reading cts reference panel LD Score from /mnt/data/ImmGen/ImmGen.202.[1-22] ...
Performing regression.
Reading cts reference panel LD Score from /mnt/data/ImmGen/ImmGen.203.[1-22] ...
Performing regression.
Reading cts reference panel LD Score from /mnt/data/ImmGen/ImmGen.204.[1-22] ...
Performing regression.
Reading cts reference panel LD Score from /mnt/data/ImmGen/ImmGen.205.[1-22] ...
Performing regression.
Reading cts reference panel LD Score from /mnt/data/ImmGen/ImmGen.206.[1-22] ...
Performing regression.
Reading cts reference panel LD Score from /mnt/data/ImmGen/ImmGen.207.[1-22] ...
Performing regression.
Reading cts reference panel LD Score from /mnt/data/ImmGen/ImmGen.208.[1-22] ...
Performing regression.
Reading cts reference panel LD Score from /mnt/data/ImmGen/ImmGen.209.[1-22] ...
Performing regression.
Reading cts reference panel LD Score from /mnt/data/ImmGen/ImmGen.210.[1-22] ...
Performing regression.
Reading cts reference panel LD Score from /mnt/data/ImmGen/ImmGen.211.[1-22] ...
Performing regression.
Reading cts reference panel LD Score from /mnt/data/ImmGen/ImmGen.212.[1-22] ...
Performing regression.
Reading cts reference panel LD Score from /mnt/data/ImmGen/ImmGen.213.[1-22] ...
Performing regression.
Reading cts reference panel LD Score from /mnt/data/ImmGen/ImmGen.214.[1-22] ...
Performing regression.
Reading cts reference panel LD Score from /mnt/data/ImmGen/ImmGen.215.[1-22] ...
Performing regression.
Reading cts reference panel LD Score from /mnt/data/ImmGen/ImmGen.216.[1-22] ...
Performing regression.
Reading cts reference panel LD Score from /mnt/data/ImmGen/ImmGen.217.[1-22] ...
Performing regression.
Reading cts reference panel LD Score from /mnt/data/ImmGen/ImmGen.218.[1-22] ...
Performing regression.
Reading cts reference panel LD Score from /mnt/data/ImmGen/ImmGen.219.[1-22] ...
Performing regression.
Reading cts reference panel LD Score from /mnt/data/ImmGen/ImmGen.220.[1-22] ...
Performing regression.
Reading cts reference panel LD Score from /mnt/data/ImmGen/ImmGen.221.[1-22] ...
Performing regression.
Reading cts reference panel LD Score from /mnt/data/ImmGen/ImmGen.222.[1-22] ...
Performing regression.
Reading cts reference panel LD Score from /mnt/data/ImmGen/ImmGen.223.[1-22] ...
Performing regression.
Reading cts reference panel LD Score from /mnt/data/ImmGen/ImmGen.224.[1-22] ...
Performing regression.
Reading cts reference panel LD Score from /mnt/data/ImmGen/ImmGen.225.[1-22] ...
Performing regression.
Reading cts reference panel LD Score from /mnt/data/ImmGen/ImmGen.226.[1-22] ...
Performing regression.
Reading cts reference panel LD Score from /mnt/data/ImmGen/ImmGen.227.[1-22] ...
Performing regression.
Reading cts reference panel LD Score from /mnt/data/ImmGen/ImmGen.228.[1-22] ...
Performing regression.
Reading cts reference panel LD Score from /mnt/data/ImmGen/ImmGen.229.[1-22] ...
Performing regression.
Reading cts reference panel LD Score from /mnt/data/ImmGen/ImmGen.230.[1-22] ...
Performing regression.
Reading cts reference panel LD Score from /mnt/data/ImmGen/ImmGen.231.[1-22] ...
Performing regression.
Reading cts reference panel LD Score from /mnt/data/ImmGen/ImmGen.232.[1-22] ...
Performing regression.
Reading cts reference panel LD Score from /mnt/data/ImmGen/ImmGen.233.[1-22] ...
Performing regression.
Reading cts reference panel LD Score from /mnt/data/ImmGen/ImmGen.234.[1-22] ...
Performing regression.
Reading cts reference panel LD Score from /mnt/data/ImmGen/ImmGen.235.[1-22] ...
Performing regression.
Reading cts reference panel LD Score from /mnt/data/ImmGen/ImmGen.236.[1-22] ...
Performing regression.
Reading cts reference panel LD Score from /mnt/data/ImmGen/ImmGen.237.[1-22] ...
Performing regression.
Reading cts reference panel LD Score from /mnt/data/ImmGen/ImmGen.238.[1-22] ...
Performing regression.
Reading cts reference panel LD Score from /mnt/data/ImmGen/ImmGen.239.[1-22] ...
Performing regression.
Reading cts reference panel LD Score from /mnt/data/ImmGen/ImmGen.240.[1-22] ...
Performing regression.
Reading cts reference panel LD Score from /mnt/data/ImmGen/ImmGen.241.[1-22] ...
Performing regression.
Reading cts reference panel LD Score from /mnt/data/ImmGen/ImmGen.242.[1-22] ...
Performing regression.
Reading cts reference panel LD Score from /mnt/data/ImmGen/ImmGen.243.[1-22] ...
Performing regression.
Reading cts reference panel LD Score from /mnt/data/ImmGen/ImmGen.244.[1-22] ...
Performing regression.
Reading cts reference panel LD Score from /mnt/data/ImmGen/ImmGen.245.[1-22] ...
Performing regression.
Reading cts reference panel LD Score from /mnt/data/ImmGen/ImmGen.246.[1-22] ...
Performing regression.
Reading cts reference panel LD Score from /mnt/data/ImmGen/ImmGen.247.[1-22] ...
Performing regression.
Reading cts reference panel LD Score from /mnt/data/ImmGen/ImmGen.248.[1-22] ...
Performing regression.
Reading cts reference panel LD Score from /mnt/data/ImmGen/ImmGen.249.[1-22] ...
Performing regression.
Reading cts reference panel LD Score from /mnt/data/ImmGen/ImmGen.250.[1-22] ...
Performing regression.
Reading cts reference panel LD Score from /mnt/data/ImmGen/ImmGen.251.[1-22] ...
Performing regression.
Reading cts reference panel LD Score from /mnt/data/ImmGen/ImmGen.252.[1-22] ...
Performing regression.
Reading cts reference panel LD Score from /mnt/data/ImmGen/ImmGen.253.[1-22] ...
Performing regression.
Reading cts reference panel LD Score from /mnt/data/ImmGen/ImmGen.254.[1-22] ...
Performing regression.
Reading cts reference panel LD Score from /mnt/data/ImmGen/ImmGen.255.[1-22] ...
Performing regression.
Reading cts reference panel LD Score from /mnt/data/ImmGen/ImmGen.256.[1-22] ...
Performing regression.
Reading cts reference panel LD Score from /mnt/data/ImmGen/ImmGen.257.[1-22] ...
Performing regression.
Reading cts reference panel LD Score from /mnt/data/ImmGen/ImmGen.258.[1-22] ...
Performing regression.
Reading cts reference panel LD Score from /mnt/data/ImmGen/ImmGen.259.[1-22] ...
Performing regression.
Reading cts reference panel LD Score from /mnt/data/ImmGen/ImmGen.260.[1-22] ...
Performing regression.
Reading cts reference panel LD Score from /mnt/data/ImmGen/ImmGen.261.[1-22] ...
Performing regression.
Reading cts reference panel LD Score from /mnt/data/ImmGen/ImmGen.262.[1-22] ...
Performing regression.
Reading cts reference panel LD Score from /mnt/data/ImmGen/ImmGen.263.[1-22] ...
Performing regression.
Reading cts reference panel LD Score from /mnt/data/ImmGen/ImmGen.264.[1-22] ...
Performing regression.
Reading cts reference panel LD Score from /mnt/data/ImmGen/ImmGen.265.[1-22] ...
Performing regression.
Reading cts reference panel LD Score from /mnt/data/ImmGen/ImmGen.266.[1-22] ...
Performing regression.
Reading cts reference panel LD Score from /mnt/data/ImmGen/ImmGen.267.[1-22] ...
Performing regression.
Reading cts reference panel LD Score from /mnt/data/ImmGen/ImmGen.268.[1-22] ...
Performing regression.
Reading cts reference panel LD Score from /mnt/data/ImmGen/ImmGen.269.[1-22] ...
Performing regression.
Reading cts reference panel LD Score from /mnt/data/ImmGen/ImmGen.270.[1-22] ...
Performing regression.
Reading cts reference panel LD Score from /mnt/data/ImmGen/ImmGen.271.[1-22] ...
Performing regression.
Reading cts reference panel LD Score from /mnt/data/ImmGen/ImmGen.272.[1-22] ...
Performing regression.
Reading cts reference panel LD Score from /mnt/data/ImmGen/ImmGen.273.[1-22] ...
Performing regression.
Reading cts reference panel LD Score from /mnt/data/ImmGen/ImmGen.274.[1-22] ...
Performing regression.
Reading cts reference panel LD Score from /mnt/data/ImmGen/ImmGen.275.[1-22] ...
Performing regression.
Reading cts reference panel LD Score from /mnt/data/ImmGen/ImmGen.276.[1-22] ...
Performing regression.
Reading cts reference panel LD Score from /mnt/data/ImmGen/ImmGen.277.[1-22] ...
Performing regression.
Reading cts reference panel LD Score from /mnt/data/ImmGen/ImmGen.278.[1-22] ...
Performing regression.
Reading cts reference panel LD Score from /mnt/data/ImmGen/ImmGen.279.[1-22] ...
Performing regression.
Reading cts reference panel LD Score from /mnt/data/ImmGen/ImmGen.280.[1-22] ...
Performing regression.
Reading cts reference panel LD Score from /mnt/data/ImmGen/ImmGen.281.[1-22] ...
Performing regression.
Reading cts reference panel LD Score from /mnt/data/ImmGen/ImmGen.282.[1-22] ...
Performing regression.
Reading cts reference panel LD Score from /mnt/data/ImmGen/ImmGen.283.[1-22] ...
Performing regression.
Reading cts reference panel LD Score from /mnt/data/ImmGen/ImmGen.284.[1-22] ...
Performing regression.
Reading cts reference panel LD Score from /mnt/data/ImmGen/ImmGen.285.[1-22] ...
Performing regression.
Reading cts reference panel LD Score from /mnt/data/ImmGen/ImmGen.286.[1-22] ...
Performing regression.
Reading cts reference panel LD Score from /mnt/data/ImmGen/ImmGen.287.[1-22] ...
Performing regression.
Reading cts reference panel LD Score from /mnt/data/ImmGen/ImmGen.288.[1-22] ...
Performing regression.
Reading cts reference panel LD Score from /mnt/data/ImmGen/ImmGen.289.[1-22] ...
Performing regression.
Reading cts reference panel LD Score from /mnt/data/ImmGen/ImmGen.290.[1-22] ...
Performing regression.
Reading cts reference panel LD Score from /mnt/data/ImmGen/ImmGen.291.[1-22] ...
Performing regression.
Reading cts reference panel LD Score from /mnt/data/ImmGen/ImmGen.292.[1-22] ...
Performing regression.
Results printed to /mnt/data/results/ImmGen_baselineLDv2.2_1000G_EUR_Phase3.cell_type_results.txt
Analysis finished at Tue Jun 11 20:27:34 2019
Total time elapsed: 50.0m:27.0s
