*********************************************************************
* LD Score Regression (LDSC)
* Version 1.0.0
* (C) 2014-2015 Brendan Bulik-Sullivan and Hilary Finucane
* Broad Institute of MIT and Harvard / MIT Department of Mathematics
* GNU General Public License v3
*********************************************************************
Call: 
./ldsc.py \
--h2-cts /mnt/data/ss/UKB_460K.disease_T2D.sumstats \
--ref-ld-chr /mnt/data/baselineLD/baselineLD. \
--out /mnt/data/results/Roadmap_baselineLDv2.2_1000G_EUR_Phase3 \
--ref-ld-chr-cts /mnt/data/Roadmap/Roadmap_dsub.ldcts \
--w-ld-chr /mnt/data/weights/weights.hm3_noMHC. 

Beginning analysis at Tue Jun 11 19:39:07 2019
Reading summary statistics from /mnt/data/ss/UKB_460K.disease_T2D.sumstats ...
Read summary statistics for 1187056 SNPs.
Reading reference panel LD Score from /mnt/data/baselineLD/baselineLD.[1-22] ...
Read reference panel LD Scores for 1190321 SNPs.
Removing partitioned LD Scores with zero variance.
Reading regression weight LD Score from /mnt/data/weights/weights.hm3_noMHC.[1-22] ...
Read regression weight LD Scores for 1187349 SNPs.
After merging with reference panel LD, 1187056 SNPs remain.
After merging with regression SNP LD, 1187056 SNPs remain.
Removed 6 SNPs with chi^2 > 459.324 (1187050 SNPs remain)
Reading cts reference panel LD Score from /mnt/data/Roadmap/Roadmap.1.,/mnt/data/Roadmap/Roadmap.control.[1-22] ...
Performing regression.
Reading cts reference panel LD Score from /mnt/data/Roadmap/Roadmap.2.,/mnt/data/Roadmap/Roadmap.control.[1-22] ...
Performing regression.
Reading cts reference panel LD Score from /mnt/data/Roadmap/Roadmap.3.,/mnt/data/Roadmap/Roadmap.control.[1-22] ...
Performing regression.
Reading cts reference panel LD Score from /mnt/data/Roadmap/Roadmap.4.,/mnt/data/Roadmap/Roadmap.control.[1-22] ...
Performing regression.
Reading cts reference panel LD Score from /mnt/data/Roadmap/Roadmap.5.,/mnt/data/Roadmap/Roadmap.control.[1-22] ...
Performing regression.
Reading cts reference panel LD Score from /mnt/data/Roadmap/Roadmap.6.,/mnt/data/Roadmap/Roadmap.control.[1-22] ...
Performing regression.
Reading cts reference panel LD Score from /mnt/data/Roadmap/Roadmap.7.,/mnt/data/Roadmap/Roadmap.control.[1-22] ...
Performing regression.
Reading cts reference panel LD Score from /mnt/data/Roadmap/Roadmap.8.,/mnt/data/Roadmap/Roadmap.control.[1-22] ...
Performing regression.
Reading cts reference panel LD Score from /mnt/data/Roadmap/Roadmap.9.,/mnt/data/Roadmap/Roadmap.control.[1-22] ...
Performing regression.
Reading cts reference panel LD Score from /mnt/data/Roadmap/Roadmap.10.,/mnt/data/Roadmap/Roadmap.control.[1-22] ...
Performing regression.
Reading cts reference panel LD Score from /mnt/data/Roadmap/Roadmap.11.,/mnt/data/Roadmap/Roadmap.control.[1-22] ...
Performing regression.
Reading cts reference panel LD Score from /mnt/data/Roadmap/Roadmap.12.,/mnt/data/Roadmap/Roadmap.control.[1-22] ...
Performing regression.
Reading cts reference panel LD Score from /mnt/data/Roadmap/Roadmap.13.,/mnt/data/Roadmap/Roadmap.control.[1-22] ...
Performing regression.
Reading cts reference panel LD Score from /mnt/data/Roadmap/Roadmap.14.,/mnt/data/Roadmap/Roadmap.control.[1-22] ...
Performing regression.
Reading cts reference panel LD Score from /mnt/data/Roadmap/Roadmap.15.,/mnt/data/Roadmap/Roadmap.control.[1-22] ...
Performing regression.
Reading cts reference panel LD Score from /mnt/data/Roadmap/Roadmap.16.,/mnt/data/Roadmap/Roadmap.control.[1-22] ...
Performing regression.
Reading cts reference panel LD Score from /mnt/data/Roadmap/Roadmap.17.,/mnt/data/Roadmap/Roadmap.control.[1-22] ...
Performing regression.
Reading cts reference panel LD Score from /mnt/data/Roadmap/Roadmap.18.,/mnt/data/Roadmap/Roadmap.control.[1-22] ...
Performing regression.
Reading cts reference panel LD Score from /mnt/data/Roadmap/Roadmap.19.,/mnt/data/Roadmap/Roadmap.control.[1-22] ...
Performing regression.
Reading cts reference panel LD Score from /mnt/data/Roadmap/Roadmap.20.,/mnt/data/Roadmap/Roadmap.control.[1-22] ...
Performing regression.
Reading cts reference panel LD Score from /mnt/data/Roadmap/Roadmap.21.,/mnt/data/Roadmap/Roadmap.control.[1-22] ...
Performing regression.
Reading cts reference panel LD Score from /mnt/data/Roadmap/Roadmap.22.,/mnt/data/Roadmap/Roadmap.control.[1-22] ...
Performing regression.
Reading cts reference panel LD Score from /mnt/data/Roadmap/Roadmap.23.,/mnt/data/Roadmap/Roadmap.control.[1-22] ...
Performing regression.
Reading cts reference panel LD Score from /mnt/data/Roadmap/Roadmap.24.,/mnt/data/Roadmap/Roadmap.control.[1-22] ...
Performing regression.
Reading cts reference panel LD Score from /mnt/data/Roadmap/Roadmap.25.,/mnt/data/Roadmap/Roadmap.control.[1-22] ...
Performing regression.
Reading cts reference panel LD Score from /mnt/data/Roadmap/Roadmap.26.,/mnt/data/Roadmap/Roadmap.control.[1-22] ...
Performing regression.
Reading cts reference panel LD Score from /mnt/data/Roadmap/Roadmap.27.,/mnt/data/Roadmap/Roadmap.control.[1-22] ...
Performing regression.
Reading cts reference panel LD Score from /mnt/data/Roadmap/Roadmap.28.,/mnt/data/Roadmap/Roadmap.control.[1-22] ...
Performing regression.
Reading cts reference panel LD Score from /mnt/data/Roadmap/Roadmap.29.,/mnt/data/Roadmap/Roadmap.control.[1-22] ...
Performing regression.
Reading cts reference panel LD Score from /mnt/data/Roadmap/Roadmap.30.,/mnt/data/Roadmap/Roadmap.control.[1-22] ...
Performing regression.
Reading cts reference panel LD Score from /mnt/data/Roadmap/Roadmap.31.,/mnt/data/Roadmap/Roadmap.control.[1-22] ...
Performing regression.
Reading cts reference panel LD Score from /mnt/data/Roadmap/Roadmap.32.,/mnt/data/Roadmap/Roadmap.control.[1-22] ...
Performing regression.
Reading cts reference panel LD Score from /mnt/data/Roadmap/Roadmap.33.,/mnt/data/Roadmap/Roadmap.control.[1-22] ...
Performing regression.
Reading cts reference panel LD Score from /mnt/data/Roadmap/Roadmap.34.,/mnt/data/Roadmap/Roadmap.control.[1-22] ...
Performing regression.
Reading cts reference panel LD Score from /mnt/data/Roadmap/Roadmap.35.,/mnt/data/Roadmap/Roadmap.control.[1-22] ...
Performing regression.
Reading cts reference panel LD Score from /mnt/data/Roadmap/Roadmap.36.,/mnt/data/Roadmap/Roadmap.control.[1-22] ...
Performing regression.
Reading cts reference panel LD Score from /mnt/data/Roadmap/Roadmap.37.,/mnt/data/Roadmap/Roadmap.control.[1-22] ...
Performing regression.
Reading cts reference panel LD Score from /mnt/data/Roadmap/Roadmap.38.,/mnt/data/Roadmap/Roadmap.control.[1-22] ...
Performing regression.
Reading cts reference panel LD Score from /mnt/data/Roadmap/Roadmap.39.,/mnt/data/Roadmap/Roadmap.control.[1-22] ...
Performing regression.
Reading cts reference panel LD Score from /mnt/data/Roadmap/Roadmap.40.,/mnt/data/Roadmap/Roadmap.control.[1-22] ...
Performing regression.
Reading cts reference panel LD Score from /mnt/data/Roadmap/Roadmap.41.,/mnt/data/Roadmap/Roadmap.control.[1-22] ...
Performing regression.
Reading cts reference panel LD Score from /mnt/data/Roadmap/Roadmap.42.,/mnt/data/Roadmap/Roadmap.control.[1-22] ...
Performing regression.
Reading cts reference panel LD Score from /mnt/data/Roadmap/Roadmap.43.,/mnt/data/Roadmap/Roadmap.control.[1-22] ...
Performing regression.
Reading cts reference panel LD Score from /mnt/data/Roadmap/Roadmap.44.,/mnt/data/Roadmap/Roadmap.control.[1-22] ...
Performing regression.
Reading cts reference panel LD Score from /mnt/data/Roadmap/Roadmap.45.,/mnt/data/Roadmap/Roadmap.control.[1-22] ...
Performing regression.
Reading cts reference panel LD Score from /mnt/data/Roadmap/Roadmap.46.,/mnt/data/Roadmap/Roadmap.control.[1-22] ...
Performing regression.
Reading cts reference panel LD Score from /mnt/data/Roadmap/Roadmap.47.,/mnt/data/Roadmap/Roadmap.control.[1-22] ...
Performing regression.
Reading cts reference panel LD Score from /mnt/data/Roadmap/Roadmap.48.,/mnt/data/Roadmap/Roadmap.control.[1-22] ...
Performing regression.
Reading cts reference panel LD Score from /mnt/data/Roadmap/Roadmap.49.,/mnt/data/Roadmap/Roadmap.control.[1-22] ...
Performing regression.
Reading cts reference panel LD Score from /mnt/data/Roadmap/Roadmap.50.,/mnt/data/Roadmap/Roadmap.control.[1-22] ...
Performing regression.
Reading cts reference panel LD Score from /mnt/data/Roadmap/Roadmap.51.,/mnt/data/Roadmap/Roadmap.control.[1-22] ...
Performing regression.
Reading cts reference panel LD Score from /mnt/data/Roadmap/Roadmap.52.,/mnt/data/Roadmap/Roadmap.control.[1-22] ...
Performing regression.
Reading cts reference panel LD Score from /mnt/data/Roadmap/Roadmap.53.,/mnt/data/Roadmap/Roadmap.control.[1-22] ...
Performing regression.
Reading cts reference panel LD Score from /mnt/data/Roadmap/Roadmap.54.,/mnt/data/Roadmap/Roadmap.control.[1-22] ...
Performing regression.
Reading cts reference panel LD Score from /mnt/data/Roadmap/Roadmap.55.,/mnt/data/Roadmap/Roadmap.control.[1-22] ...
Performing regression.
Reading cts reference panel LD Score from /mnt/data/Roadmap/Roadmap.56.,/mnt/data/Roadmap/Roadmap.control.[1-22] ...
Performing regression.
Reading cts reference panel LD Score from /mnt/data/Roadmap/Roadmap.57.,/mnt/data/Roadmap/Roadmap.control.[1-22] ...
Performing regression.
Reading cts reference panel LD Score from /mnt/data/Roadmap/Roadmap.58.,/mnt/data/Roadmap/Roadmap.control.[1-22] ...
Performing regression.
Reading cts reference panel LD Score from /mnt/data/Roadmap/Roadmap.59.,/mnt/data/Roadmap/Roadmap.control.[1-22] ...
Performing regression.
Reading cts reference panel LD Score from /mnt/data/Roadmap/Roadmap.60.,/mnt/data/Roadmap/Roadmap.control.[1-22] ...
Performing regression.
Reading cts reference panel LD Score from /mnt/data/Roadmap/Roadmap.61.,/mnt/data/Roadmap/Roadmap.control.[1-22] ...
Performing regression.
Reading cts reference panel LD Score from /mnt/data/Roadmap/Roadmap.62.,/mnt/data/Roadmap/Roadmap.control.[1-22] ...
Performing regression.
Reading cts reference panel LD Score from /mnt/data/Roadmap/Roadmap.63.,/mnt/data/Roadmap/Roadmap.control.[1-22] ...
Performing regression.
Reading cts reference panel LD Score from /mnt/data/Roadmap/Roadmap.64.,/mnt/data/Roadmap/Roadmap.control.[1-22] ...
Performing regression.
Reading cts reference panel LD Score from /mnt/data/Roadmap/Roadmap.65.,/mnt/data/Roadmap/Roadmap.control.[1-22] ...
Performing regression.
Reading cts reference panel LD Score from /mnt/data/Roadmap/Roadmap.66.,/mnt/data/Roadmap/Roadmap.control.[1-22] ...
Performing regression.
Reading cts reference panel LD Score from /mnt/data/Roadmap/Roadmap.67.,/mnt/data/Roadmap/Roadmap.control.[1-22] ...
Performing regression.
Reading cts reference panel LD Score from /mnt/data/Roadmap/Roadmap.68.,/mnt/data/Roadmap/Roadmap.control.[1-22] ...
Performing regression.
Reading cts reference panel LD Score from /mnt/data/Roadmap/Roadmap.69.,/mnt/data/Roadmap/Roadmap.control.[1-22] ...
Performing regression.
Reading cts reference panel LD Score from /mnt/data/Roadmap/Roadmap.70.,/mnt/data/Roadmap/Roadmap.control.[1-22] ...
Performing regression.
Reading cts reference panel LD Score from /mnt/data/Roadmap/Roadmap.71.,/mnt/data/Roadmap/Roadmap.control.[1-22] ...
Performing regression.
Reading cts reference panel LD Score from /mnt/data/Roadmap/Roadmap.72.,/mnt/data/Roadmap/Roadmap.control.[1-22] ...
Performing regression.
Reading cts reference panel LD Score from /mnt/data/Roadmap/Roadmap.73.,/mnt/data/Roadmap/Roadmap.control.[1-22] ...
Performing regression.
Reading cts reference panel LD Score from /mnt/data/Roadmap/Roadmap.74.,/mnt/data/Roadmap/Roadmap.control.[1-22] ...
Performing regression.
Reading cts reference panel LD Score from /mnt/data/Roadmap/Roadmap.75.,/mnt/data/Roadmap/Roadmap.control.[1-22] ...
Performing regression.
Reading cts reference panel LD Score from /mnt/data/Roadmap/Roadmap.76.,/mnt/data/Roadmap/Roadmap.control.[1-22] ...
Performing regression.
Reading cts reference panel LD Score from /mnt/data/Roadmap/Roadmap.77.,/mnt/data/Roadmap/Roadmap.control.[1-22] ...
Performing regression.
Reading cts reference panel LD Score from /mnt/data/Roadmap/Roadmap.78.,/mnt/data/Roadmap/Roadmap.control.[1-22] ...
Performing regression.
Reading cts reference panel LD Score from /mnt/data/Roadmap/Roadmap.79.,/mnt/data/Roadmap/Roadmap.control.[1-22] ...
Performing regression.
Reading cts reference panel LD Score from /mnt/data/Roadmap/Roadmap.80.,/mnt/data/Roadmap/Roadmap.control.[1-22] ...
Performing regression.
Reading cts reference panel LD Score from /mnt/data/Roadmap/Roadmap.81.,/mnt/data/Roadmap/Roadmap.control.[1-22] ...
Performing regression.
Reading cts reference panel LD Score from /mnt/data/Roadmap/Roadmap.82.,/mnt/data/Roadmap/Roadmap.control.[1-22] ...
Performing regression.
Reading cts reference panel LD Score from /mnt/data/Roadmap/Roadmap.83.,/mnt/data/Roadmap/Roadmap.control.[1-22] ...
Performing regression.
Reading cts reference panel LD Score from /mnt/data/Roadmap/Roadmap.84.,/mnt/data/Roadmap/Roadmap.control.[1-22] ...
Performing regression.
Reading cts reference panel LD Score from /mnt/data/Roadmap/Roadmap.85.,/mnt/data/Roadmap/Roadmap.control.[1-22] ...
Performing regression.
Reading cts reference panel LD Score from /mnt/data/Roadmap/Roadmap.86.,/mnt/data/Roadmap/Roadmap.control.[1-22] ...
Performing regression.
Reading cts reference panel LD Score from /mnt/data/Roadmap/Roadmap.87.,/mnt/data/Roadmap/Roadmap.control.[1-22] ...
Performing regression.
Reading cts reference panel LD Score from /mnt/data/Roadmap/Roadmap.88.,/mnt/data/Roadmap/Roadmap.control.[1-22] ...
Performing regression.
Reading cts reference panel LD Score from /mnt/data/Roadmap/Roadmap.89.,/mnt/data/Roadmap/Roadmap.control.[1-22] ...
Performing regression.
Reading cts reference panel LD Score from /mnt/data/Roadmap/Roadmap.90.,/mnt/data/Roadmap/Roadmap.control.[1-22] ...
Performing regression.
Reading cts reference panel LD Score from /mnt/data/Roadmap/Roadmap.91.,/mnt/data/Roadmap/Roadmap.control.[1-22] ...
Performing regression.
Reading cts reference panel LD Score from /mnt/data/Roadmap/Roadmap.92.,/mnt/data/Roadmap/Roadmap.control.[1-22] ...
Performing regression.
Reading cts reference panel LD Score from /mnt/data/Roadmap/Roadmap.93.,/mnt/data/Roadmap/Roadmap.control.[1-22] ...
Performing regression.
Reading cts reference panel LD Score from /mnt/data/Roadmap/Roadmap.94.,/mnt/data/Roadmap/Roadmap.control.[1-22] ...
Performing regression.
Reading cts reference panel LD Score from /mnt/data/Roadmap/Roadmap.95.,/mnt/data/Roadmap/Roadmap.control.[1-22] ...
Performing regression.
Reading cts reference panel LD Score from /mnt/data/Roadmap/Roadmap.96.,/mnt/data/Roadmap/Roadmap.control.[1-22] ...
Performing regression.
Reading cts reference panel LD Score from /mnt/data/Roadmap/Roadmap.97.,/mnt/data/Roadmap/Roadmap.control.[1-22] ...
Performing regression.
Reading cts reference panel LD Score from /mnt/data/Roadmap/Roadmap.98.,/mnt/data/Roadmap/Roadmap.control.[1-22] ...
Performing regression.
Reading cts reference panel LD Score from /mnt/data/Roadmap/Roadmap.99.,/mnt/data/Roadmap/Roadmap.control.[1-22] ...
Performing regression.
Reading cts reference panel LD Score from /mnt/data/Roadmap/Roadmap.100.,/mnt/data/Roadmap/Roadmap.control.[1-22] ...
Performing regression.
Reading cts reference panel LD Score from /mnt/data/Roadmap/Roadmap.101.,/mnt/data/Roadmap/Roadmap.control.[1-22] ...
Performing regression.
Reading cts reference panel LD Score from /mnt/data/Roadmap/Roadmap.102.,/mnt/data/Roadmap/Roadmap.control.[1-22] ...
Performing regression.
Reading cts reference panel LD Score from /mnt/data/Roadmap/Roadmap.103.,/mnt/data/Roadmap/Roadmap.control.[1-22] ...
Performing regression.
Reading cts reference panel LD Score from /mnt/data/Roadmap/Roadmap.104.,/mnt/data/Roadmap/Roadmap.control.[1-22] ...
Performing regression.
Reading cts reference panel LD Score from /mnt/data/Roadmap/Roadmap.105.,/mnt/data/Roadmap/Roadmap.control.[1-22] ...
Performing regression.
Reading cts reference panel LD Score from /mnt/data/Roadmap/Roadmap.106.,/mnt/data/Roadmap/Roadmap.control.[1-22] ...
Performing regression.
Reading cts reference panel LD Score from /mnt/data/Roadmap/Roadmap.107.,/mnt/data/Roadmap/Roadmap.control.[1-22] ...
Performing regression.
Reading cts reference panel LD Score from /mnt/data/Roadmap/Roadmap.108.,/mnt/data/Roadmap/Roadmap.control.[1-22] ...
Performing regression.
Reading cts reference panel LD Score from /mnt/data/Roadmap/Roadmap.109.,/mnt/data/Roadmap/Roadmap.control.[1-22] ...
Performing regression.
Reading cts reference panel LD Score from /mnt/data/Roadmap/Roadmap.110.,/mnt/data/Roadmap/Roadmap.control.[1-22] ...
Performing regression.
Reading cts reference panel LD Score from /mnt/data/Roadmap/Roadmap.111.,/mnt/data/Roadmap/Roadmap.control.[1-22] ...
Performing regression.
Reading cts reference panel LD Score from /mnt/data/Roadmap/Roadmap.112.,/mnt/data/Roadmap/Roadmap.control.[1-22] ...
Performing regression.
Reading cts reference panel LD Score from /mnt/data/Roadmap/Roadmap.113.,/mnt/data/Roadmap/Roadmap.control.[1-22] ...
Performing regression.
Reading cts reference panel LD Score from /mnt/data/Roadmap/Roadmap.114.,/mnt/data/Roadmap/Roadmap.control.[1-22] ...
Performing regression.
Reading cts reference panel LD Score from /mnt/data/Roadmap/Roadmap.115.,/mnt/data/Roadmap/Roadmap.control.[1-22] ...
Performing regression.
Reading cts reference panel LD Score from /mnt/data/Roadmap/Roadmap.116.,/mnt/data/Roadmap/Roadmap.control.[1-22] ...
Performing regression.
Reading cts reference panel LD Score from /mnt/data/Roadmap/Roadmap.117.,/mnt/data/Roadmap/Roadmap.control.[1-22] ...
Performing regression.
Reading cts reference panel LD Score from /mnt/data/Roadmap/Roadmap.118.,/mnt/data/Roadmap/Roadmap.control.[1-22] ...
Performing regression.
Reading cts reference panel LD Score from /mnt/data/Roadmap/Roadmap.119.,/mnt/data/Roadmap/Roadmap.control.[1-22] ...
Performing regression.
Reading cts reference panel LD Score from /mnt/data/Roadmap/Roadmap.120.,/mnt/data/Roadmap/Roadmap.control.[1-22] ...
Performing regression.
Reading cts reference panel LD Score from /mnt/data/Roadmap/Roadmap.121.,/mnt/data/Roadmap/Roadmap.control.[1-22] ...
Performing regression.
Reading cts reference panel LD Score from /mnt/data/Roadmap/Roadmap.122.,/mnt/data/Roadmap/Roadmap.control.[1-22] ...
Performing regression.
Reading cts reference panel LD Score from /mnt/data/Roadmap/Roadmap.123.,/mnt/data/Roadmap/Roadmap.control.[1-22] ...
Performing regression.
Reading cts reference panel LD Score from /mnt/data/Roadmap/Roadmap.124.,/mnt/data/Roadmap/Roadmap.control.[1-22] ...
Performing regression.
Reading cts reference panel LD Score from /mnt/data/Roadmap/Roadmap.125.,/mnt/data/Roadmap/Roadmap.control.[1-22] ...
Performing regression.
Reading cts reference panel LD Score from /mnt/data/Roadmap/Roadmap.126.,/mnt/data/Roadmap/Roadmap.control.[1-22] ...
Performing regression.
Reading cts reference panel LD Score from /mnt/data/Roadmap/Roadmap.127.,/mnt/data/Roadmap/Roadmap.control.[1-22] ...
Performing regression.
Reading cts reference panel LD Score from /mnt/data/Roadmap/Roadmap.128.,/mnt/data/Roadmap/Roadmap.control.[1-22] ...
Performing regression.
Reading cts reference panel LD Score from /mnt/data/Roadmap/Roadmap.129.,/mnt/data/Roadmap/Roadmap.control.[1-22] ...
Performing regression.
Reading cts reference panel LD Score from /mnt/data/Roadmap/Roadmap.130.,/mnt/data/Roadmap/Roadmap.control.[1-22] ...
Performing regression.
Reading cts reference panel LD Score from /mnt/data/Roadmap/Roadmap.131.,/mnt/data/Roadmap/Roadmap.control.[1-22] ...
Performing regression.
Reading cts reference panel LD Score from /mnt/data/Roadmap/Roadmap.132.,/mnt/data/Roadmap/Roadmap.control.[1-22] ...
Performing regression.
Reading cts reference panel LD Score from /mnt/data/Roadmap/Roadmap.133.,/mnt/data/Roadmap/Roadmap.control.[1-22] ...
Performing regression.
Reading cts reference panel LD Score from /mnt/data/Roadmap/Roadmap.134.,/mnt/data/Roadmap/Roadmap.control.[1-22] ...
Performing regression.
Reading cts reference panel LD Score from /mnt/data/Roadmap/Roadmap.135.,/mnt/data/Roadmap/Roadmap.control.[1-22] ...
Performing regression.
Reading cts reference panel LD Score from /mnt/data/Roadmap/Roadmap.136.,/mnt/data/Roadmap/Roadmap.control.[1-22] ...
Performing regression.
Reading cts reference panel LD Score from /mnt/data/Roadmap/Roadmap.137.,/mnt/data/Roadmap/Roadmap.control.[1-22] ...
Performing regression.
Reading cts reference panel LD Score from /mnt/data/Roadmap/Roadmap.138.,/mnt/data/Roadmap/Roadmap.control.[1-22] ...
Performing regression.
Reading cts reference panel LD Score from /mnt/data/Roadmap/Roadmap.139.,/mnt/data/Roadmap/Roadmap.control.[1-22] ...
Performing regression.
Reading cts reference panel LD Score from /mnt/data/Roadmap/Roadmap.140.,/mnt/data/Roadmap/Roadmap.control.[1-22] ...
Performing regression.
Reading cts reference panel LD Score from /mnt/data/Roadmap/Roadmap.141.,/mnt/data/Roadmap/Roadmap.control.[1-22] ...
Performing regression.
Reading cts reference panel LD Score from /mnt/data/Roadmap/Roadmap.142.,/mnt/data/Roadmap/Roadmap.control.[1-22] ...
Performing regression.
Reading cts reference panel LD Score from /mnt/data/Roadmap/Roadmap.143.,/mnt/data/Roadmap/Roadmap.control.[1-22] ...
Performing regression.
Reading cts reference panel LD Score from /mnt/data/Roadmap/Roadmap.144.,/mnt/data/Roadmap/Roadmap.control.[1-22] ...
Performing regression.
Reading cts reference panel LD Score from /mnt/data/Roadmap/Roadmap.145.,/mnt/data/Roadmap/Roadmap.control.[1-22] ...
Performing regression.
Reading cts reference panel LD Score from /mnt/data/Roadmap/Roadmap.146.,/mnt/data/Roadmap/Roadmap.control.[1-22] ...
Performing regression.
Reading cts reference panel LD Score from /mnt/data/Roadmap/Roadmap.147.,/mnt/data/Roadmap/Roadmap.control.[1-22] ...
Performing regression.
Reading cts reference panel LD Score from /mnt/data/Roadmap/Roadmap.148.,/mnt/data/Roadmap/Roadmap.control.[1-22] ...
Performing regression.
Reading cts reference panel LD Score from /mnt/data/Roadmap/Roadmap.149.,/mnt/data/Roadmap/Roadmap.control.[1-22] ...
Performing regression.
Reading cts reference panel LD Score from /mnt/data/Roadmap/Roadmap.150.,/mnt/data/Roadmap/Roadmap.control.[1-22] ...
Performing regression.
Reading cts reference panel LD Score from /mnt/data/Roadmap/Roadmap.151.,/mnt/data/Roadmap/Roadmap.control.[1-22] ...
Performing regression.
Reading cts reference panel LD Score from /mnt/data/Roadmap/Roadmap.152.,/mnt/data/Roadmap/Roadmap.control.[1-22] ...
Performing regression.
Reading cts reference panel LD Score from /mnt/data/Roadmap/Roadmap.153.,/mnt/data/Roadmap/Roadmap.control.[1-22] ...
Performing regression.
Reading cts reference panel LD Score from /mnt/data/Roadmap/Roadmap.154.,/mnt/data/Roadmap/Roadmap.control.[1-22] ...
Performing regression.
Reading cts reference panel LD Score from /mnt/data/Roadmap/Roadmap.155.,/mnt/data/Roadmap/Roadmap.control.[1-22] ...
Performing regression.
Reading cts reference panel LD Score from /mnt/data/Roadmap/Roadmap.156.,/mnt/data/Roadmap/Roadmap.control.[1-22] ...
Performing regression.
Reading cts reference panel LD Score from /mnt/data/Roadmap/Roadmap.157.,/mnt/data/Roadmap/Roadmap.control.[1-22] ...
Performing regression.
Reading cts reference panel LD Score from /mnt/data/Roadmap/Roadmap.158.,/mnt/data/Roadmap/Roadmap.control.[1-22] ...
Performing regression.
Reading cts reference panel LD Score from /mnt/data/Roadmap/Roadmap.159.,/mnt/data/Roadmap/Roadmap.control.[1-22] ...
Performing regression.
Reading cts reference panel LD Score from /mnt/data/Roadmap/Roadmap.160.,/mnt/data/Roadmap/Roadmap.control.[1-22] ...
Performing regression.
Reading cts reference panel LD Score from /mnt/data/Roadmap/Roadmap.161.,/mnt/data/Roadmap/Roadmap.control.[1-22] ...
Performing regression.
Reading cts reference panel LD Score from /mnt/data/Roadmap/Roadmap.162.,/mnt/data/Roadmap/Roadmap.control.[1-22] ...
Performing regression.
Reading cts reference panel LD Score from /mnt/data/Roadmap/Roadmap.163.,/mnt/data/Roadmap/Roadmap.control.[1-22] ...
Performing regression.
Reading cts reference panel LD Score from /mnt/data/Roadmap/Roadmap.164.,/mnt/data/Roadmap/Roadmap.control.[1-22] ...
Performing regression.
Reading cts reference panel LD Score from /mnt/data/Roadmap/Roadmap.165.,/mnt/data/Roadmap/Roadmap.control.[1-22] ...
Performing regression.
Reading cts reference panel LD Score from /mnt/data/Roadmap/Roadmap.166.,/mnt/data/Roadmap/Roadmap.control.[1-22] ...
Performing regression.
Reading cts reference panel LD Score from /mnt/data/Roadmap/Roadmap.167.,/mnt/data/Roadmap/Roadmap.control.[1-22] ...
Performing regression.
Reading cts reference panel LD Score from /mnt/data/Roadmap/Roadmap.168.,/mnt/data/Roadmap/Roadmap.control.[1-22] ...
Performing regression.
Reading cts reference panel LD Score from /mnt/data/Roadmap/Roadmap.169.,/mnt/data/Roadmap/Roadmap.control.[1-22] ...
Performing regression.
Reading cts reference panel LD Score from /mnt/data/Roadmap/Roadmap.170.,/mnt/data/Roadmap/Roadmap.control.[1-22] ...
Performing regression.
Reading cts reference panel LD Score from /mnt/data/Roadmap/Roadmap.171.,/mnt/data/Roadmap/Roadmap.control.[1-22] ...
Performing regression.
Reading cts reference panel LD Score from /mnt/data/Roadmap/Roadmap.172.,/mnt/data/Roadmap/Roadmap.control.[1-22] ...
Performing regression.
Reading cts reference panel LD Score from /mnt/data/Roadmap/Roadmap.173.,/mnt/data/Roadmap/Roadmap.control.[1-22] ...
Performing regression.
Reading cts reference panel LD Score from /mnt/data/Roadmap/Roadmap.174.,/mnt/data/Roadmap/Roadmap.control.[1-22] ...
Performing regression.
Reading cts reference panel LD Score from /mnt/data/Roadmap/Roadmap.175.,/mnt/data/Roadmap/Roadmap.control.[1-22] ...
Performing regression.
Reading cts reference panel LD Score from /mnt/data/Roadmap/Roadmap.176.,/mnt/data/Roadmap/Roadmap.control.[1-22] ...
Performing regression.
Reading cts reference panel LD Score from /mnt/data/Roadmap/Roadmap.177.,/mnt/data/Roadmap/Roadmap.control.[1-22] ...
Performing regression.
Reading cts reference panel LD Score from /mnt/data/Roadmap/Roadmap.178.,/mnt/data/Roadmap/Roadmap.control.[1-22] ...
Performing regression.
Reading cts reference panel LD Score from /mnt/data/Roadmap/Roadmap.179.,/mnt/data/Roadmap/Roadmap.control.[1-22] ...
Performing regression.
Reading cts reference panel LD Score from /mnt/data/Roadmap/Roadmap.180.,/mnt/data/Roadmap/Roadmap.control.[1-22] ...
Performing regression.
Reading cts reference panel LD Score from /mnt/data/Roadmap/Roadmap.181.,/mnt/data/Roadmap/Roadmap.control.[1-22] ...
Performing regression.
Reading cts reference panel LD Score from /mnt/data/Roadmap/Roadmap.182.,/mnt/data/Roadmap/Roadmap.control.[1-22] ...
Performing regression.
Reading cts reference panel LD Score from /mnt/data/Roadmap/Roadmap.183.,/mnt/data/Roadmap/Roadmap.control.[1-22] ...
Performing regression.
Reading cts reference panel LD Score from /mnt/data/Roadmap/Roadmap.184.,/mnt/data/Roadmap/Roadmap.control.[1-22] ...
Performing regression.
Reading cts reference panel LD Score from /mnt/data/Roadmap/Roadmap.185.,/mnt/data/Roadmap/Roadmap.control.[1-22] ...
Performing regression.
Reading cts reference panel LD Score from /mnt/data/Roadmap/Roadmap.186.,/mnt/data/Roadmap/Roadmap.control.[1-22] ...
Performing regression.
Reading cts reference panel LD Score from /mnt/data/Roadmap/Roadmap.187.,/mnt/data/Roadmap/Roadmap.control.[1-22] ...
Performing regression.
Reading cts reference panel LD Score from /mnt/data/Roadmap/Roadmap.188.,/mnt/data/Roadmap/Roadmap.control.[1-22] ...
Performing regression.
Reading cts reference panel LD Score from /mnt/data/Roadmap/Roadmap.189.,/mnt/data/Roadmap/Roadmap.control.[1-22] ...
Performing regression.
Reading cts reference panel LD Score from /mnt/data/Roadmap/Roadmap.190.,/mnt/data/Roadmap/Roadmap.control.[1-22] ...
Performing regression.
Reading cts reference panel LD Score from /mnt/data/Roadmap/Roadmap.191.,/mnt/data/Roadmap/Roadmap.control.[1-22] ...
Performing regression.
Reading cts reference panel LD Score from /mnt/data/Roadmap/Roadmap.192.,/mnt/data/Roadmap/Roadmap.control.[1-22] ...
Performing regression.
Reading cts reference panel LD Score from /mnt/data/Roadmap/Roadmap.193.,/mnt/data/Roadmap/Roadmap.control.[1-22] ...
Performing regression.
Reading cts reference panel LD Score from /mnt/data/Roadmap/Roadmap.194.,/mnt/data/Roadmap/Roadmap.control.[1-22] ...
Performing regression.
Reading cts reference panel LD Score from /mnt/data/Roadmap/Roadmap.195.,/mnt/data/Roadmap/Roadmap.control.[1-22] ...
Performing regression.
Reading cts reference panel LD Score from /mnt/data/Roadmap/Roadmap.196.,/mnt/data/Roadmap/Roadmap.control.[1-22] ...
Performing regression.
Reading cts reference panel LD Score from /mnt/data/Roadmap/Roadmap.197.,/mnt/data/Roadmap/Roadmap.control.[1-22] ...
Performing regression.
Reading cts reference panel LD Score from /mnt/data/Roadmap/Roadmap.198.,/mnt/data/Roadmap/Roadmap.control.[1-22] ...
Performing regression.
Reading cts reference panel LD Score from /mnt/data/Roadmap/Roadmap.199.,/mnt/data/Roadmap/Roadmap.control.[1-22] ...
Performing regression.
Reading cts reference panel LD Score from /mnt/data/Roadmap/Roadmap.200.,/mnt/data/Roadmap/Roadmap.control.[1-22] ...
Performing regression.
Reading cts reference panel LD Score from /mnt/data/Roadmap/Roadmap.201.,/mnt/data/Roadmap/Roadmap.control.[1-22] ...
Performing regression.
Reading cts reference panel LD Score from /mnt/data/Roadmap/Roadmap.202.,/mnt/data/Roadmap/Roadmap.control.[1-22] ...
Performing regression.
Reading cts reference panel LD Score from /mnt/data/Roadmap/Roadmap.203.,/mnt/data/Roadmap/Roadmap.control.[1-22] ...
Performing regression.
Reading cts reference panel LD Score from /mnt/data/Roadmap/Roadmap.204.,/mnt/data/Roadmap/Roadmap.control.[1-22] ...
Performing regression.
Reading cts reference panel LD Score from /mnt/data/Roadmap/Roadmap.205.,/mnt/data/Roadmap/Roadmap.control.[1-22] ...
Performing regression.
Reading cts reference panel LD Score from /mnt/data/Roadmap/Roadmap.206.,/mnt/data/Roadmap/Roadmap.control.[1-22] ...
Performing regression.
Reading cts reference panel LD Score from /mnt/data/Roadmap/Roadmap.207.,/mnt/data/Roadmap/Roadmap.control.[1-22] ...
Performing regression.
Reading cts reference panel LD Score from /mnt/data/Roadmap/Roadmap.208.,/mnt/data/Roadmap/Roadmap.control.[1-22] ...
Performing regression.
Reading cts reference panel LD Score from /mnt/data/Roadmap/Roadmap.209.,/mnt/data/Roadmap/Roadmap.control.[1-22] ...
Performing regression.
Reading cts reference panel LD Score from /mnt/data/Roadmap/Roadmap.210.,/mnt/data/Roadmap/Roadmap.control.[1-22] ...
Performing regression.
Reading cts reference panel LD Score from /mnt/data/Roadmap/Roadmap.211.,/mnt/data/Roadmap/Roadmap.control.[1-22] ...
Performing regression.
Reading cts reference panel LD Score from /mnt/data/Roadmap/Roadmap.212.,/mnt/data/Roadmap/Roadmap.control.[1-22] ...
Performing regression.
Reading cts reference panel LD Score from /mnt/data/Roadmap/Roadmap.213.,/mnt/data/Roadmap/Roadmap.control.[1-22] ...
Performing regression.
Reading cts reference panel LD Score from /mnt/data/Roadmap/Roadmap.214.,/mnt/data/Roadmap/Roadmap.control.[1-22] ...
Performing regression.
Reading cts reference panel LD Score from /mnt/data/Roadmap/Roadmap.215.,/mnt/data/Roadmap/Roadmap.control.[1-22] ...
Performing regression.
Reading cts reference panel LD Score from /mnt/data/Roadmap/Roadmap.216.,/mnt/data/Roadmap/Roadmap.control.[1-22] ...
Performing regression.
Reading cts reference panel LD Score from /mnt/data/Roadmap/Roadmap.217.,/mnt/data/Roadmap/Roadmap.control.[1-22] ...
Performing regression.
Reading cts reference panel LD Score from /mnt/data/Roadmap/Roadmap.218.,/mnt/data/Roadmap/Roadmap.control.[1-22] ...
Performing regression.
Reading cts reference panel LD Score from /mnt/data/Roadmap/Roadmap.219.,/mnt/data/Roadmap/Roadmap.control.[1-22] ...
Performing regression.
Reading cts reference panel LD Score from /mnt/data/Roadmap/Roadmap.220.,/mnt/data/Roadmap/Roadmap.control.[1-22] ...
Performing regression.
Reading cts reference panel LD Score from /mnt/data/Roadmap/Roadmap.221.,/mnt/data/Roadmap/Roadmap.control.[1-22] ...
Performing regression.
Reading cts reference panel LD Score from /mnt/data/Roadmap/Roadmap.222.,/mnt/data/Roadmap/Roadmap.control.[1-22] ...
Performing regression.
Reading cts reference panel LD Score from /mnt/data/Roadmap/Roadmap.223.,/mnt/data/Roadmap/Roadmap.control.[1-22] ...
Performing regression.
Reading cts reference panel LD Score from /mnt/data/Roadmap/Roadmap.224.,/mnt/data/Roadmap/Roadmap.control.[1-22] ...
Performing regression.
Reading cts reference panel LD Score from /mnt/data/Roadmap/Roadmap.225.,/mnt/data/Roadmap/Roadmap.control.[1-22] ...
Performing regression.
Reading cts reference panel LD Score from /mnt/data/Roadmap/Roadmap.226.,/mnt/data/Roadmap/Roadmap.control.[1-22] ...
Performing regression.
Reading cts reference panel LD Score from /mnt/data/Roadmap/Roadmap.227.,/mnt/data/Roadmap/Roadmap.control.[1-22] ...
Performing regression.
Reading cts reference panel LD Score from /mnt/data/Roadmap/Roadmap.228.,/mnt/data/Roadmap/Roadmap.control.[1-22] ...
Performing regression.
Reading cts reference panel LD Score from /mnt/data/Roadmap/Roadmap.229.,/mnt/data/Roadmap/Roadmap.control.[1-22] ...
Performing regression.
Reading cts reference panel LD Score from /mnt/data/Roadmap/Roadmap.230.,/mnt/data/Roadmap/Roadmap.control.[1-22] ...
Performing regression.
Reading cts reference panel LD Score from /mnt/data/Roadmap/Roadmap.231.,/mnt/data/Roadmap/Roadmap.control.[1-22] ...
Performing regression.
Reading cts reference panel LD Score from /mnt/data/Roadmap/Roadmap.232.,/mnt/data/Roadmap/Roadmap.control.[1-22] ...
Performing regression.
Reading cts reference panel LD Score from /mnt/data/Roadmap/Roadmap.233.,/mnt/data/Roadmap/Roadmap.control.[1-22] ...
Performing regression.
Reading cts reference panel LD Score from /mnt/data/Roadmap/Roadmap.234.,/mnt/data/Roadmap/Roadmap.control.[1-22] ...
Performing regression.
Reading cts reference panel LD Score from /mnt/data/Roadmap/Roadmap.235.,/mnt/data/Roadmap/Roadmap.control.[1-22] ...
Performing regression.
Reading cts reference panel LD Score from /mnt/data/Roadmap/Roadmap.236.,/mnt/data/Roadmap/Roadmap.control.[1-22] ...
Performing regression.
Reading cts reference panel LD Score from /mnt/data/Roadmap/Roadmap.237.,/mnt/data/Roadmap/Roadmap.control.[1-22] ...
Performing regression.
Reading cts reference panel LD Score from /mnt/data/Roadmap/Roadmap.238.,/mnt/data/Roadmap/Roadmap.control.[1-22] ...
Performing regression.
Reading cts reference panel LD Score from /mnt/data/Roadmap/Roadmap.239.,/mnt/data/Roadmap/Roadmap.control.[1-22] ...
Performing regression.
Reading cts reference panel LD Score from /mnt/data/Roadmap/Roadmap.240.,/mnt/data/Roadmap/Roadmap.control.[1-22] ...
Performing regression.
Reading cts reference panel LD Score from /mnt/data/Roadmap/Roadmap.241.,/mnt/data/Roadmap/Roadmap.control.[1-22] ...
Performing regression.
Reading cts reference panel LD Score from /mnt/data/Roadmap/Roadmap.242.,/mnt/data/Roadmap/Roadmap.control.[1-22] ...
Performing regression.
Reading cts reference panel LD Score from /mnt/data/Roadmap/Roadmap.243.,/mnt/data/Roadmap/Roadmap.control.[1-22] ...
Performing regression.
Reading cts reference panel LD Score from /mnt/data/Roadmap/Roadmap.244.,/mnt/data/Roadmap/Roadmap.control.[1-22] ...
Performing regression.
Reading cts reference panel LD Score from /mnt/data/Roadmap/Roadmap.245.,/mnt/data/Roadmap/Roadmap.control.[1-22] ...
Performing regression.
Reading cts reference panel LD Score from /mnt/data/Roadmap/Roadmap.246.,/mnt/data/Roadmap/Roadmap.control.[1-22] ...
Performing regression.
Reading cts reference panel LD Score from /mnt/data/Roadmap/Roadmap.247.,/mnt/data/Roadmap/Roadmap.control.[1-22] ...
Performing regression.
Reading cts reference panel LD Score from /mnt/data/Roadmap/Roadmap.248.,/mnt/data/Roadmap/Roadmap.control.[1-22] ...
Performing regression.
Reading cts reference panel LD Score from /mnt/data/Roadmap/Roadmap.249.,/mnt/data/Roadmap/Roadmap.control.[1-22] ...
Performing regression.
Reading cts reference panel LD Score from /mnt/data/Roadmap/Roadmap.250.,/mnt/data/Roadmap/Roadmap.control.[1-22] ...
Performing regression.
Reading cts reference panel LD Score from /mnt/data/Roadmap/Roadmap.251.,/mnt/data/Roadmap/Roadmap.control.[1-22] ...
Performing regression.
Reading cts reference panel LD Score from /mnt/data/Roadmap/Roadmap.252.,/mnt/data/Roadmap/Roadmap.control.[1-22] ...
Performing regression.
Reading cts reference panel LD Score from /mnt/data/Roadmap/Roadmap.253.,/mnt/data/Roadmap/Roadmap.control.[1-22] ...
Performing regression.
Reading cts reference panel LD Score from /mnt/data/Roadmap/Roadmap.254.,/mnt/data/Roadmap/Roadmap.control.[1-22] ...
Performing regression.
Reading cts reference panel LD Score from /mnt/data/Roadmap/Roadmap.255.,/mnt/data/Roadmap/Roadmap.control.[1-22] ...
Performing regression.
Reading cts reference panel LD Score from /mnt/data/Roadmap/Roadmap.256.,/mnt/data/Roadmap/Roadmap.control.[1-22] ...
Performing regression.
Reading cts reference panel LD Score from /mnt/data/Roadmap/Roadmap.257.,/mnt/data/Roadmap/Roadmap.control.[1-22] ...
Performing regression.
Reading cts reference panel LD Score from /mnt/data/Roadmap/Roadmap.258.,/mnt/data/Roadmap/Roadmap.control.[1-22] ...
Performing regression.
Reading cts reference panel LD Score from /mnt/data/Roadmap/Roadmap.259.,/mnt/data/Roadmap/Roadmap.control.[1-22] ...
Performing regression.
Reading cts reference panel LD Score from /mnt/data/Roadmap/Roadmap.260.,/mnt/data/Roadmap/Roadmap.control.[1-22] ...
Performing regression.
Reading cts reference panel LD Score from /mnt/data/Roadmap/Roadmap.261.,/mnt/data/Roadmap/Roadmap.control.[1-22] ...
Performing regression.
Reading cts reference panel LD Score from /mnt/data/Roadmap/Roadmap.262.,/mnt/data/Roadmap/Roadmap.control.[1-22] ...
Performing regression.
Reading cts reference panel LD Score from /mnt/data/Roadmap/Roadmap.263.,/mnt/data/Roadmap/Roadmap.control.[1-22] ...
Performing regression.
Reading cts reference panel LD Score from /mnt/data/Roadmap/Roadmap.264.,/mnt/data/Roadmap/Roadmap.control.[1-22] ...
Performing regression.
Reading cts reference panel LD Score from /mnt/data/Roadmap/Roadmap.265.,/mnt/data/Roadmap/Roadmap.control.[1-22] ...
Performing regression.
Reading cts reference panel LD Score from /mnt/data/Roadmap/Roadmap.266.,/mnt/data/Roadmap/Roadmap.control.[1-22] ...
Performing regression.
Reading cts reference panel LD Score from /mnt/data/Roadmap/Roadmap.267.,/mnt/data/Roadmap/Roadmap.control.[1-22] ...
Performing regression.
Reading cts reference panel LD Score from /mnt/data/Roadmap/Roadmap.268.,/mnt/data/Roadmap/Roadmap.control.[1-22] ...
Performing regression.
Reading cts reference panel LD Score from /mnt/data/Roadmap/Roadmap.269.,/mnt/data/Roadmap/Roadmap.control.[1-22] ...
Performing regression.
Reading cts reference panel LD Score from /mnt/data/Roadmap/Roadmap.270.,/mnt/data/Roadmap/Roadmap.control.[1-22] ...
Performing regression.
Reading cts reference panel LD Score from /mnt/data/Roadmap/Roadmap.271.,/mnt/data/Roadmap/Roadmap.control.[1-22] ...
Performing regression.
Reading cts reference panel LD Score from /mnt/data/Roadmap/Roadmap.272.,/mnt/data/Roadmap/Roadmap.control.[1-22] ...
Performing regression.
Reading cts reference panel LD Score from /mnt/data/Roadmap/Roadmap.273.,/mnt/data/Roadmap/Roadmap.control.[1-22] ...
Performing regression.
Reading cts reference panel LD Score from /mnt/data/Roadmap/Roadmap.274.,/mnt/data/Roadmap/Roadmap.control.[1-22] ...
Performing regression.
Reading cts reference panel LD Score from /mnt/data/Roadmap/Roadmap.275.,/mnt/data/Roadmap/Roadmap.control.[1-22] ...
Performing regression.
Reading cts reference panel LD Score from /mnt/data/Roadmap/Roadmap.276.,/mnt/data/Roadmap/Roadmap.control.[1-22] ...
Performing regression.
Reading cts reference panel LD Score from /mnt/data/Roadmap/Roadmap.277.,/mnt/data/Roadmap/Roadmap.control.[1-22] ...
Performing regression.
Reading cts reference panel LD Score from /mnt/data/Roadmap/Roadmap.278.,/mnt/data/Roadmap/Roadmap.control.[1-22] ...
Performing regression.
Reading cts reference panel LD Score from /mnt/data/Roadmap/Roadmap.279.,/mnt/data/Roadmap/Roadmap.control.[1-22] ...
Performing regression.
Reading cts reference panel LD Score from /mnt/data/Roadmap/Roadmap.280.,/mnt/data/Roadmap/Roadmap.control.[1-22] ...
Performing regression.
Reading cts reference panel LD Score from /mnt/data/Roadmap/Roadmap.281.,/mnt/data/Roadmap/Roadmap.control.[1-22] ...
Performing regression.
Reading cts reference panel LD Score from /mnt/data/Roadmap/Roadmap.282.,/mnt/data/Roadmap/Roadmap.control.[1-22] ...
Performing regression.
Reading cts reference panel LD Score from /mnt/data/Roadmap/Roadmap.283.,/mnt/data/Roadmap/Roadmap.control.[1-22] ...
Performing regression.
Reading cts reference panel LD Score from /mnt/data/Roadmap/Roadmap.284.,/mnt/data/Roadmap/Roadmap.control.[1-22] ...
Performing regression.
Reading cts reference panel LD Score from /mnt/data/Roadmap/Roadmap.285.,/mnt/data/Roadmap/Roadmap.control.[1-22] ...
Performing regression.
Reading cts reference panel LD Score from /mnt/data/Roadmap/Roadmap.286.,/mnt/data/Roadmap/Roadmap.control.[1-22] ...
Performing regression.
Reading cts reference panel LD Score from /mnt/data/Roadmap/Roadmap.287.,/mnt/data/Roadmap/Roadmap.control.[1-22] ...
Performing regression.
Reading cts reference panel LD Score from /mnt/data/Roadmap/Roadmap.288.,/mnt/data/Roadmap/Roadmap.control.[1-22] ...
Performing regression.
Reading cts reference panel LD Score from /mnt/data/Roadmap/Roadmap.289.,/mnt/data/Roadmap/Roadmap.control.[1-22] ...
Performing regression.
Reading cts reference panel LD Score from /mnt/data/Roadmap/Roadmap.290.,/mnt/data/Roadmap/Roadmap.control.[1-22] ...
Performing regression.
Reading cts reference panel LD Score from /mnt/data/Roadmap/Roadmap.291.,/mnt/data/Roadmap/Roadmap.control.[1-22] ...
Performing regression.
Reading cts reference panel LD Score from /mnt/data/Roadmap/Roadmap.292.,/mnt/data/Roadmap/Roadmap.control.[1-22] ...
Performing regression.
Reading cts reference panel LD Score from /mnt/data/Roadmap/Roadmap.293.,/mnt/data/Roadmap/Roadmap.control.[1-22] ...
Performing regression.
Reading cts reference panel LD Score from /mnt/data/Roadmap/Roadmap.294.,/mnt/data/Roadmap/Roadmap.control.[1-22] ...
Performing regression.
Reading cts reference panel LD Score from /mnt/data/Roadmap/Roadmap.295.,/mnt/data/Roadmap/Roadmap.control.[1-22] ...
Performing regression.
Reading cts reference panel LD Score from /mnt/data/Roadmap/Roadmap.296.,/mnt/data/Roadmap/Roadmap.control.[1-22] ...
Performing regression.
Reading cts reference panel LD Score from /mnt/data/Roadmap/Roadmap.297.,/mnt/data/Roadmap/Roadmap.control.[1-22] ...
Performing regression.
Reading cts reference panel LD Score from /mnt/data/Roadmap/Roadmap.298.,/mnt/data/Roadmap/Roadmap.control.[1-22] ...
Performing regression.
Reading cts reference panel LD Score from /mnt/data/Roadmap/Roadmap.299.,/mnt/data/Roadmap/Roadmap.control.[1-22] ...
Performing regression.
Reading cts reference panel LD Score from /mnt/data/Roadmap/Roadmap.300.,/mnt/data/Roadmap/Roadmap.control.[1-22] ...
Performing regression.
Reading cts reference panel LD Score from /mnt/data/Roadmap/Roadmap.301.,/mnt/data/Roadmap/Roadmap.control.[1-22] ...
Performing regression.
Reading cts reference panel LD Score from /mnt/data/Roadmap/Roadmap.302.,/mnt/data/Roadmap/Roadmap.control.[1-22] ...
Performing regression.
Reading cts reference panel LD Score from /mnt/data/Roadmap/Roadmap.303.,/mnt/data/Roadmap/Roadmap.control.[1-22] ...
Performing regression.
Reading cts reference panel LD Score from /mnt/data/Roadmap/Roadmap.304.,/mnt/data/Roadmap/Roadmap.control.[1-22] ...
Performing regression.
Reading cts reference panel LD Score from /mnt/data/Roadmap/Roadmap.305.,/mnt/data/Roadmap/Roadmap.control.[1-22] ...
Performing regression.
Reading cts reference panel LD Score from /mnt/data/Roadmap/Roadmap.306.,/mnt/data/Roadmap/Roadmap.control.[1-22] ...
Performing regression.
Reading cts reference panel LD Score from /mnt/data/Roadmap/Roadmap.307.,/mnt/data/Roadmap/Roadmap.control.[1-22] ...
Performing regression.
Reading cts reference panel LD Score from /mnt/data/Roadmap/Roadmap.308.,/mnt/data/Roadmap/Roadmap.control.[1-22] ...
Performing regression.
Reading cts reference panel LD Score from /mnt/data/Roadmap/Roadmap.309.,/mnt/data/Roadmap/Roadmap.control.[1-22] ...
Performing regression.
Reading cts reference panel LD Score from /mnt/data/Roadmap/Roadmap.310.,/mnt/data/Roadmap/Roadmap.control.[1-22] ...
Performing regression.
Reading cts reference panel LD Score from /mnt/data/Roadmap/Roadmap.311.,/mnt/data/Roadmap/Roadmap.control.[1-22] ...
Performing regression.
Reading cts reference panel LD Score from /mnt/data/Roadmap/Roadmap.312.,/mnt/data/Roadmap/Roadmap.control.[1-22] ...
Performing regression.
Reading cts reference panel LD Score from /mnt/data/Roadmap/Roadmap.313.,/mnt/data/Roadmap/Roadmap.control.[1-22] ...
Performing regression.
Reading cts reference panel LD Score from /mnt/data/Roadmap/Roadmap.314.,/mnt/data/Roadmap/Roadmap.control.[1-22] ...
Performing regression.
Reading cts reference panel LD Score from /mnt/data/Roadmap/Roadmap.315.,/mnt/data/Roadmap/Roadmap.control.[1-22] ...
Performing regression.
Reading cts reference panel LD Score from /mnt/data/Roadmap/Roadmap.316.,/mnt/data/Roadmap/Roadmap.control.[1-22] ...
Performing regression.
Reading cts reference panel LD Score from /mnt/data/Roadmap/Roadmap.317.,/mnt/data/Roadmap/Roadmap.control.[1-22] ...
Performing regression.
Reading cts reference panel LD Score from /mnt/data/Roadmap/Roadmap.318.,/mnt/data/Roadmap/Roadmap.control.[1-22] ...
Performing regression.
Reading cts reference panel LD Score from /mnt/data/Roadmap/Roadmap.319.,/mnt/data/Roadmap/Roadmap.control.[1-22] ...
Performing regression.
Reading cts reference panel LD Score from /mnt/data/Roadmap/Roadmap.320.,/mnt/data/Roadmap/Roadmap.control.[1-22] ...
Performing regression.
Reading cts reference panel LD Score from /mnt/data/Roadmap/Roadmap.321.,/mnt/data/Roadmap/Roadmap.control.[1-22] ...
Performing regression.
Reading cts reference panel LD Score from /mnt/data/Roadmap/Roadmap.322.,/mnt/data/Roadmap/Roadmap.control.[1-22] ...
Performing regression.
Reading cts reference panel LD Score from /mnt/data/Roadmap/Roadmap.323.,/mnt/data/Roadmap/Roadmap.control.[1-22] ...
Performing regression.
Reading cts reference panel LD Score from /mnt/data/Roadmap/Roadmap.324.,/mnt/data/Roadmap/Roadmap.control.[1-22] ...
Performing regression.
Reading cts reference panel LD Score from /mnt/data/Roadmap/Roadmap.325.,/mnt/data/Roadmap/Roadmap.control.[1-22] ...
Performing regression.
Reading cts reference panel LD Score from /mnt/data/Roadmap/Roadmap.326.,/mnt/data/Roadmap/Roadmap.control.[1-22] ...
Performing regression.
Reading cts reference panel LD Score from /mnt/data/Roadmap/Roadmap.327.,/mnt/data/Roadmap/Roadmap.control.[1-22] ...
Performing regression.
Reading cts reference panel LD Score from /mnt/data/Roadmap/Roadmap.328.,/mnt/data/Roadmap/Roadmap.control.[1-22] ...
Performing regression.
Reading cts reference panel LD Score from /mnt/data/Roadmap/Roadmap.329.,/mnt/data/Roadmap/Roadmap.control.[1-22] ...
Performing regression.
Reading cts reference panel LD Score from /mnt/data/Roadmap/Roadmap.330.,/mnt/data/Roadmap/Roadmap.control.[1-22] ...
Performing regression.
Reading cts reference panel LD Score from /mnt/data/Roadmap/Roadmap.331.,/mnt/data/Roadmap/Roadmap.control.[1-22] ...
Performing regression.
Reading cts reference panel LD Score from /mnt/data/Roadmap/Roadmap.332.,/mnt/data/Roadmap/Roadmap.control.[1-22] ...
Performing regression.
Reading cts reference panel LD Score from /mnt/data/Roadmap/Roadmap.333.,/mnt/data/Roadmap/Roadmap.control.[1-22] ...
Performing regression.
Reading cts reference panel LD Score from /mnt/data/Roadmap/Roadmap.334.,/mnt/data/Roadmap/Roadmap.control.[1-22] ...
Performing regression.
Reading cts reference panel LD Score from /mnt/data/Roadmap/Roadmap.335.,/mnt/data/Roadmap/Roadmap.control.[1-22] ...
Performing regression.
Reading cts reference panel LD Score from /mnt/data/Roadmap/Roadmap.336.,/mnt/data/Roadmap/Roadmap.control.[1-22] ...
Performing regression.
Reading cts reference panel LD Score from /mnt/data/Roadmap/Roadmap.337.,/mnt/data/Roadmap/Roadmap.control.[1-22] ...
Performing regression.
Reading cts reference panel LD Score from /mnt/data/Roadmap/Roadmap.338.,/mnt/data/Roadmap/Roadmap.control.[1-22] ...
Performing regression.
Reading cts reference panel LD Score from /mnt/data/Roadmap/Roadmap.339.,/mnt/data/Roadmap/Roadmap.control.[1-22] ...
Performing regression.
Reading cts reference panel LD Score from /mnt/data/Roadmap/Roadmap.340.,/mnt/data/Roadmap/Roadmap.control.[1-22] ...
Performing regression.
Reading cts reference panel LD Score from /mnt/data/Roadmap/Roadmap.341.,/mnt/data/Roadmap/Roadmap.control.[1-22] ...
Performing regression.
Reading cts reference panel LD Score from /mnt/data/Roadmap/Roadmap.342.,/mnt/data/Roadmap/Roadmap.control.[1-22] ...
Performing regression.
Reading cts reference panel LD Score from /mnt/data/Roadmap/Roadmap.343.,/mnt/data/Roadmap/Roadmap.control.[1-22] ...
Performing regression.
Reading cts reference panel LD Score from /mnt/data/Roadmap/Roadmap.344.,/mnt/data/Roadmap/Roadmap.control.[1-22] ...
Performing regression.
Reading cts reference panel LD Score from /mnt/data/Roadmap/Roadmap.345.,/mnt/data/Roadmap/Roadmap.control.[1-22] ...
Performing regression.
Reading cts reference panel LD Score from /mnt/data/Roadmap/Roadmap.346.,/mnt/data/Roadmap/Roadmap.control.[1-22] ...
Performing regression.
Reading cts reference panel LD Score from /mnt/data/Roadmap/Roadmap.347.,/mnt/data/Roadmap/Roadmap.control.[1-22] ...
Performing regression.
Reading cts reference panel LD Score from /mnt/data/Roadmap/Roadmap.348.,/mnt/data/Roadmap/Roadmap.control.[1-22] ...
Performing regression.
Reading cts reference panel LD Score from /mnt/data/Roadmap/Roadmap.349.,/mnt/data/Roadmap/Roadmap.control.[1-22] ...
Performing regression.
Reading cts reference panel LD Score from /mnt/data/Roadmap/Roadmap.350.,/mnt/data/Roadmap/Roadmap.control.[1-22] ...
Performing regression.
Reading cts reference panel LD Score from /mnt/data/Roadmap/Roadmap.351.,/mnt/data/Roadmap/Roadmap.control.[1-22] ...
Performing regression.
Reading cts reference panel LD Score from /mnt/data/Roadmap/Roadmap.352.,/mnt/data/Roadmap/Roadmap.control.[1-22] ...
Performing regression.
Reading cts reference panel LD Score from /mnt/data/Roadmap/Roadmap.353.,/mnt/data/Roadmap/Roadmap.control.[1-22] ...
Performing regression.
Reading cts reference panel LD Score from /mnt/data/Roadmap/Roadmap.354.,/mnt/data/Roadmap/Roadmap.control.[1-22] ...
Performing regression.
Reading cts reference panel LD Score from /mnt/data/Roadmap/Roadmap.355.,/mnt/data/Roadmap/Roadmap.control.[1-22] ...
Performing regression.
Reading cts reference panel LD Score from /mnt/data/Roadmap/Roadmap.356.,/mnt/data/Roadmap/Roadmap.control.[1-22] ...
Performing regression.
Reading cts reference panel LD Score from /mnt/data/Roadmap/Roadmap.357.,/mnt/data/Roadmap/Roadmap.control.[1-22] ...
Performing regression.
Reading cts reference panel LD Score from /mnt/data/Roadmap/Roadmap.358.,/mnt/data/Roadmap/Roadmap.control.[1-22] ...
Performing regression.
Reading cts reference panel LD Score from /mnt/data/Roadmap/Roadmap.359.,/mnt/data/Roadmap/Roadmap.control.[1-22] ...
Performing regression.
Reading cts reference panel LD Score from /mnt/data/Roadmap/Roadmap.360.,/mnt/data/Roadmap/Roadmap.control.[1-22] ...
Performing regression.
Reading cts reference panel LD Score from /mnt/data/Roadmap/Roadmap.361.,/mnt/data/Roadmap/Roadmap.control.[1-22] ...
Performing regression.
Reading cts reference panel LD Score from /mnt/data/Roadmap/Roadmap.362.,/mnt/data/Roadmap/Roadmap.control.[1-22] ...
Performing regression.
Reading cts reference panel LD Score from /mnt/data/Roadmap/Roadmap.363.,/mnt/data/Roadmap/Roadmap.control.[1-22] ...
Performing regression.
Reading cts reference panel LD Score from /mnt/data/Roadmap/Roadmap.364.,/mnt/data/Roadmap/Roadmap.control.[1-22] ...
Performing regression.
Reading cts reference panel LD Score from /mnt/data/Roadmap/Roadmap.365.,/mnt/data/Roadmap/Roadmap.control.[1-22] ...
Performing regression.
Reading cts reference panel LD Score from /mnt/data/Roadmap/Roadmap.366.,/mnt/data/Roadmap/Roadmap.control.[1-22] ...
Performing regression.
Reading cts reference panel LD Score from /mnt/data/Roadmap/Roadmap.367.,/mnt/data/Roadmap/Roadmap.control.[1-22] ...
Performing regression.
Reading cts reference panel LD Score from /mnt/data/Roadmap/Roadmap.368.,/mnt/data/Roadmap/Roadmap.control.[1-22] ...
Performing regression.
Reading cts reference panel LD Score from /mnt/data/Roadmap/Roadmap.369.,/mnt/data/Roadmap/Roadmap.control.[1-22] ...
Performing regression.
Reading cts reference panel LD Score from /mnt/data/Roadmap/Roadmap.370.,/mnt/data/Roadmap/Roadmap.control.[1-22] ...
Performing regression.
Reading cts reference panel LD Score from /mnt/data/Roadmap/Roadmap.371.,/mnt/data/Roadmap/Roadmap.control.[1-22] ...
Performing regression.
Reading cts reference panel LD Score from /mnt/data/Roadmap/Roadmap.372.,/mnt/data/Roadmap/Roadmap.control.[1-22] ...
Performing regression.
Reading cts reference panel LD Score from /mnt/data/Roadmap/Roadmap.373.,/mnt/data/Roadmap/Roadmap.control.[1-22] ...
Performing regression.
Reading cts reference panel LD Score from /mnt/data/Roadmap/Roadmap.374.,/mnt/data/Roadmap/Roadmap.control.[1-22] ...
Performing regression.
Reading cts reference panel LD Score from /mnt/data/Roadmap/Roadmap.375.,/mnt/data/Roadmap/Roadmap.control.[1-22] ...
Performing regression.
Reading cts reference panel LD Score from /mnt/data/Roadmap/Roadmap.376.,/mnt/data/Roadmap/Roadmap.control.[1-22] ...
Performing regression.
Reading cts reference panel LD Score from /mnt/data/Roadmap/Roadmap.377.,/mnt/data/Roadmap/Roadmap.control.[1-22] ...
Performing regression.
Reading cts reference panel LD Score from /mnt/data/Roadmap/Roadmap.378.,/mnt/data/Roadmap/Roadmap.control.[1-22] ...
Performing regression.
Reading cts reference panel LD Score from /mnt/data/Roadmap/Roadmap.379.,/mnt/data/Roadmap/Roadmap.control.[1-22] ...
Performing regression.
Reading cts reference panel LD Score from /mnt/data/Roadmap/Roadmap.380.,/mnt/data/Roadmap/Roadmap.control.[1-22] ...
Performing regression.
Reading cts reference panel LD Score from /mnt/data/Roadmap/Roadmap.381.,/mnt/data/Roadmap/Roadmap.control.[1-22] ...
Performing regression.
Reading cts reference panel LD Score from /mnt/data/Roadmap/Roadmap.382.,/mnt/data/Roadmap/Roadmap.control.[1-22] ...
Performing regression.
Reading cts reference panel LD Score from /mnt/data/Roadmap/Roadmap.383.,/mnt/data/Roadmap/Roadmap.control.[1-22] ...
Performing regression.
Reading cts reference panel LD Score from /mnt/data/Roadmap/Roadmap.384.,/mnt/data/Roadmap/Roadmap.control.[1-22] ...
Performing regression.
Reading cts reference panel LD Score from /mnt/data/Roadmap/Roadmap.385.,/mnt/data/Roadmap/Roadmap.control.[1-22] ...
Performing regression.
Reading cts reference panel LD Score from /mnt/data/Roadmap/Roadmap.386.,/mnt/data/Roadmap/Roadmap.control.[1-22] ...
Performing regression.
Reading cts reference panel LD Score from /mnt/data/Roadmap/Roadmap.387.,/mnt/data/Roadmap/Roadmap.control.[1-22] ...
Performing regression.
Reading cts reference panel LD Score from /mnt/data/Roadmap/Roadmap.388.,/mnt/data/Roadmap/Roadmap.control.[1-22] ...
Performing regression.
Reading cts reference panel LD Score from /mnt/data/Roadmap/Roadmap.389.,/mnt/data/Roadmap/Roadmap.control.[1-22] ...
Performing regression.
Reading cts reference panel LD Score from /mnt/data/Roadmap/Roadmap.390.,/mnt/data/Roadmap/Roadmap.control.[1-22] ...
Performing regression.
Reading cts reference panel LD Score from /mnt/data/Roadmap/Roadmap.391.,/mnt/data/Roadmap/Roadmap.control.[1-22] ...
Performing regression.
Reading cts reference panel LD Score from /mnt/data/Roadmap/Roadmap.392.,/mnt/data/Roadmap/Roadmap.control.[1-22] ...
Performing regression.
Reading cts reference panel LD Score from /mnt/data/Roadmap/Roadmap.393.,/mnt/data/Roadmap/Roadmap.control.[1-22] ...
Performing regression.
Reading cts reference panel LD Score from /mnt/data/Roadmap/Roadmap.394.,/mnt/data/Roadmap/Roadmap.control.[1-22] ...
Performing regression.
Reading cts reference panel LD Score from /mnt/data/Roadmap/Roadmap.395.,/mnt/data/Roadmap/Roadmap.control.[1-22] ...
Performing regression.
Reading cts reference panel LD Score from /mnt/data/Roadmap/Roadmap.396.,/mnt/data/Roadmap/Roadmap.control.[1-22] ...
Performing regression.
Results printed to /mnt/data/results/Roadmap_baselineLDv2.2_1000G_EUR_Phase3.cell_type_results.txt
Analysis finished at Tue Jun 11 21:34:50 2019
Total time elapsed: 1.0h:55.0m:42.51s
